#
# A fatal error has been detected by the Java Runtime Environment:
#
#  EXCEPTION_ACCESS_VIOLATION (0xc0000005) at pc=0x000002033adc396f, pid=11368, tid=13096
#
# JRE version: OpenJDK Runtime Environment Temurin-23.0.1+11 (23.0.1+11) (build 23.0.1+11)
# Java VM: OpenJDK 64-Bit Server VM Temurin-23.0.1+11 (23.0.1+11, mixed mode, emulated-client, sharing, tiered, compressed oops, compressed class ptrs, g1 gc, windows-amd64)
# Problematic frame:
# v  ~MethodHandlesAdapterBlob 0x000002033adc396f
#
# No core dump will be written. Minidumps are not enabled by default on client versions of Windows
#
# If you would like to submit a bug report, please visit:
#   https://github.com/adoptium/adoptium-support/issues
#

---------------  S U M M A R Y ------------

Command Line: -XX:+ShowCodeDetailsInExceptionMessages -agentlib:jdwp=transport=dt_socket,suspend=y,address=localhost:64669 -Dcom.sun.management.jmxremote -Dcom.sun.management.jmxremote.port=64666 -Dcom.sun.management.jmxremote.authenticate=false -Dcom.sun.management.jmxremote.ssl=false -Djava.rmi.server.hostname=localhost -Dspring.jmx.enabled=true -Dmanagement.endpoints.jmx.exposure.include=* -Dspring.application.admin.enabled=true -XX:TieredStopAtLevel=1 -Dspring.boot.project.name=toy -javaagent:C:\dev\demo\eclipse\configuration\org.eclipse.osgi\444\0\.cp\lib\javaagent-shaded.jar -Dfile.encoding=UTF-8 -Dstdout.encoding=UTF-8 -Dstderr.encoding=UTF-8 com.demo.toy.ToyApplication --spring.output.ansi.enabled=always

Host: Intel(R) Core(TM) i5-8400 CPU @ 2.80GHz, 6 cores, 15G,  Windows 10 , 64 bit Build 19041 (10.0.19041.5915)
Time: Sat Aug 23 18:05:04 2025  Windows 10 , 64 bit Build 19041 (10.0.19041.5915) elapsed time: 1514.925792 seconds (0d 0h 25m 14s)

---------------  T H R E A D  ---------------

Current thread (0x000002038e1f4610):  JavaThread "restartedMain"        [_thread_in_Java, id=13096, stack(0x000000a3b0b00000,0x000000a3b0c00000) (1024K)]

Stack: [0x000000a3b0b00000,0x000000a3b0c00000],  sp=0x000000a3b0bfd8f8,  free space=1014k
Native frames: (J=compiled Java code, j=interpreted, Vv=VM code, C=native code)
C  0x000002033adc396f  (no source info available)

The last pc belongs to _linkToSpecial (printed below).

siginfo: EXCEPTION_ACCESS_VIOLATION (0xc0000005), reading address 0xfffffffffffffff7


Registers:
RAX=0x000002033ad98f26, RBX=0x0000000704abbe30, RCX=0xfffffffffffffff7, RDX=0x0000000000000003
RSP=0x000000a3b0bfd8f8, RBP=0x000000a3b0bfd950, RSI=0x000002038bbb8558, RDI=0x000002038c057b00
R8 =0x0000000000000004, R9 =0x0000000000000004, R10=0x00007ffbacddbae0, R11=0x00000203461e50d8
R12=0x0000000000000000, R13=0x000000a3b0bfd8f8, R14=0x000000a3b0bfd978, R15=0x000002038e1f4610
RIP=0x000002033adc396f, EFLAGS=0x0000000000010202


Register to memory mapping:

RAX=0x000002033ad98f26 is at code_begin+3174 in an Interpreter codelet
return entry points  [0x000002033ad982c0, 0x000002033ad9a1c8]  7944 bytes
RBX=0x0000000704abbe30 is an oop: com.demo.toy.service.ApiService 
{0x0000000704abbe30} - klass: 'com/demo/toy/service/ApiService'
 - ---- fields (total size 2 words):
 - private final 'apiRepository' 'Lcom/demo/toy/repository/ApiRepository;' @12  a 'jdk/proxy11/$Proxy155'{0x0000000704a99ea0} (0xe09533d4)
RCX=0xfffffffffffffff7 is an unknown value
RDX=0x0000000000000003 is an unknown value
RSP=0x000000a3b0bfd8f8 is pointing into the stack for thread: 0x000002038e1f4610
RBP=0x000000a3b0bfd950 is pointing into the stack for thread: 0x000002038e1f4610
RSI=0x000002038bbb8558 points into unknown readable memory: 0x8800170394826b53 | 53 6b 82 94 03 17 00 88
RDI=0x000002038c057b00 points into unknown readable memory: 0x0000002000000080 | 80 00 00 00 20 00 00 00
R8 =0x0000000000000004 is an unknown value
R9 =0x0000000000000004 is an unknown value
R10=0x00007ffbacddbae0 jvm.dll
R11={method} {0x00000203461e50e0} 'newInvokeSpecial' '(Ljava/lang/Object;Ljava/lang/Object;)Ljava/lang/Object;' in 'java/lang/invoke/DirectMethodHandle$Holder'
R12=0x0 is null
R13=0x000000a3b0bfd8f8 is pointing into the stack for thread: 0x000002038e1f4610
R14=0x000000a3b0bfd978 is pointing into the stack for thread: 0x000002038e1f4610
R15=0x000002038e1f4610 is a thread

Top of Stack: (sp=0x000000a3b0bfd8f8)
0x000000a3b0bfd8f8:   000002033ad98f26 0000000704abe440
0x000000a3b0bfd908:   fffffffffffffff7 00000203467f1350
0x000000a3b0bfd918:   0000000000000005 00000203461e1370
0x000000a3b0bfd928:   000002033b107c84 0000000700f20cb0
0x000000a3b0bfd938:   00000203461e50d8 fffffffffffffff5
0x000000a3b0bfd948:   000000a3b0bfd980 000000a3b0bfdd38
0x000000a3b0bfd958:   000002033b3bf790 0000000704abe1f8
0x000000a3b0bfd968:   0000000704abe440 0000000704abbe30
0x000000a3b0bfd978:   0000000704abe228 000000070165c910
0x000000a3b0bfd988:   0000000704abdb18 000000070190cbc0
0x000000a3b0bfd998:   0000000704abe400 0000000704abbe30
0x000000a3b0bfd9a8:   0000000704abe3b0 0000000704abe228
0x000000a3b0bfd9b8:   0000000704abbe30 000002033b3bf6cc
0x000000a3b0bfd9c8:   0000000709173310 000000a3b0bfdd38
0x000000a3b0bfd9d8:   000002033b108e33 000000a3b0bfdd38
0x000000a3b0bfd9e8:   000002033b0ffce4 0000000000000012
0x000000a3b0bfd9f8:   00007ffbac0ecf30 000000a3b0bfdd38
0x000000a3b0bfda08:   000002033b53ba0c 000000070147de18
0x000000a3b0bfda18:   000000070147de38 000000070147de78
0x000000a3b0bfda28:   0000000704abdb18 00000007016b2eb8
0x000000a3b0bfda38:   000000070147de90 0000000704abdb18
0x000000a3b0bfda48:   000000070190cbc0 000000018e1f4610
0x000000a3b0bfda58:   0000000000000000 0000000700f1f6d8
0x000000a3b0bfda68:   000000070306e148 0000000709173310
0x000000a3b0bfda78:   0000000709173310 000000070306e148
0x000000a3b0bfda88:   0000000700000001 0000000704abe428
0x000000a3b0bfda98:   0000000704abdf30 000000a3b0bfdd38
0x000000a3b0bfdaa8:   000002033b53c0ee 0000000709173310
0x000000a3b0bfdab8:   0000000000000000 0000000704abbe30
0x000000a3b0bfdac8:   0000000704abe400 0000000000000000
0x000000a3b0bfdad8:   0000000000000000 0000000000000000
0x000000a3b0bfdae8:   0000000703084d00 000002038e1f4610 

Instructions: (pc=0x000002033adc396f)
0x000002033adc386f:   48 c1 e3 03 8b 5b 28 48 c1 e3 03 8b 5b 24 48 c1
0x000002033adc387f:   e3 03 48 8b 5b 10 48 85 db 0f 84 10 00 00 00 41
0x000002033adc388f:   80 bf e0 05 00 00 00 74 03 ff 63 38 ff 63 50 e9
0x000002033adc389f:   bd 16 00 00 66 66 66 0f 1f 84 00 00 00 00 00 66
0x000002033adc38af:   66 66 90 66 66 0f 1f 84 00 00 00 00 00 66 66 66
0x000002033adc38bf:   90 48 8b 53 08 0f b7 52 2e 48 8b 0c d4 58 5b 50
0x000002033adc38cf:   44 8b 51 08 49 bb 00 00 00 46 03 02 00 00 4d 03
0x000002033adc38df:   d3 4c 8b 5b 10 4b 8b 9c da d0 01 00 00 48 85 db
0x000002033adc38ef:   0f 84 10 00 00 00 41 80 bf e0 05 00 00 00 74 03
0x000002033adc38ff:   ff 63 38 ff 63 50 e9 56 16 00 00 66 66 66 0f 1f
0x000002033adc390f:   84 00 00 00 00 00 66 66 66 90 0f 1f 80 00 00 00
0x000002033adc391f:   00 58 5b 50 8b 5b 24 48 c1 e3 03 48 8b 5b 10 48
0x000002033adc392f:   85 db 0f 84 10 00 00 00 41 80 bf e0 05 00 00 00
0x000002033adc393f:   74 03 ff 63 38 ff 63 50 e9 14 16 00 00 66 66 66
0x000002033adc394f:   0f 1f 84 00 00 00 00 00 66 66 66 90 0f 1f 44 00
0x000002033adc395f:   00 48 8b 53 08 0f b7 52 2e 48 8b 0c d4 58 5b 50
0x000002033adc396f:   48 3b 01 8b 5b 24 48 c1 e3 03 48 8b 5b 10 48 85
0x000002033adc397f:   db 0f 84 10 00 00 00 41 80 bf e0 05 00 00 00 74
0x000002033adc398f:   03 ff 63 38 ff 63 50 e9 c5 15 00 00 0f 1f 44 00
0x000002033adc399f:   00 48 8b 53 08 0f b7 52 2e 48 8b 0c d4 58 5b 50
0x000002033adc39af:   44 8b 51 08 49 bb 00 00 00 46 03 02 00 00 4d 03
0x000002033adc39bf:   d3 8b 43 18 48 c1 e0 03 48 8b 40 10 48 8b 5b 10
0x000002033adc39cf:   45 8b 9a ac 00 00 00 4f 8d 9c da d0 01 00 00 4d
0x000002033adc39df:   8d 14 da 49 8b 1b 48 3b c3 74 15 48 85 db 0f 84
0x000002033adc39ef:   32 00 00 00 49 83 c3 10 49 8b 1b 48 3b c3 75 eb
0x000002033adc39ff:   45 8b 5b 08 4b 8b 1c 1a 48 85 db 0f 84 10 00 00
0x000002033adc3a0f:   00 41 80 bf e0 05 00 00 00 74 03 ff 63 38 ff 63
0x000002033adc3a1f:   50 e9 3b 15 00 00 e9 36 12 00 00 f4 00 00 00 00
0x000002033adc3a2f:   00 00 00 00 00 00 00 00 00 00 00 00 00 00 00 00
0x000002033adc3a3f:   00 00 00 00 00 00 00 00 00 00 00 00 00 00 00 00
0x000002033adc3a4f:   00 00 00 00 00 00 00 00 00 00 00 00 00 00 00 00
0x000002033adc3a5f:   00 00 00 00 00 00 00 00 00 00 00 00 00 00 00 00 


Stack slot to memory mapping:

stack at sp + 0 slots: 0x000002033ad98f26 is at code_begin+3174 in an Interpreter codelet
return entry points  [0x000002033ad982c0, 0x000002033ad9a1c8]  7944 bytes
stack at sp + 1 slots: 0x0000000704abe440 is an oop: com.demo.toy.controller.ApiController 
{0x0000000704abe440} - klass: 'com/demo/toy/controller/ApiController'
 - ---- fields (total size 3 words):
 - private final 'apiService' 'Lcom/demo/toy/service/ApiService;' @12  null (0x00000000)
 - private final 'restTemplate' 'Lorg/springframework/web/client/RestTemplate;' @16  null (0x00000000)
 - private final 'objectMapper' 'Lcom/fasterxml/jackson/databind/ObjectMapper;' @20  null (0x00000000)
stack at sp + 2 slots: 0xfffffffffffffff7 is an unknown value
stack at sp + 3 slots: 0x00000203467f1350 is pointing into metadata
stack at sp + 4 slots: 0x0000000000000005 is an unknown value
stack at sp + 5 slots: 0x00000203461e1370 is pointing into metadata
stack at sp + 6 slots: 0x000002033b107c84 is at entry_point+786 in (nmethod*)0x000002033b107808
Compiled method (c1) 1515052 1010       1       java.lang.reflect.AccessibleObject::slowVerifyAccess (67 bytes)
 total in heap  [0x000002033b107808,0x000002033b107d90] = 1416
 relocation     [0x000002033b1078e0,0x000002033b107958] = 120
 main code      [0x000002033b107960,0x000002033b107cf8] = 920
 stub code      [0x000002033b107cf8,0x000002033b107d60] = 104
 metadata       [0x000002033b107d60,0x000002033b107d90] = 48
 immutable data [0x000002038b2b83d0,0x000002038b2b8480] = 176
 dependencies   [0x000002038b2b83d0,0x000002038b2b83e0] = 16
 scopes pcs     [0x000002038b2b83e0,0x000002038b2b8440] = 96
 scopes data    [0x000002038b2b8440,0x000002038b2b8480] = 64
stack at sp + 7 slots: 0x0000000700f20cb0 is an oop: java.lang.Class 
{0x0000000700f20cb0} - klass: 'java/lang/Class'
 - ---- fields (total size 14 words):
 - private volatile transient 'classRedefinedCount' 'I' @12  0 (0x00000000)
 - injected 'klass' 'J' @16  2213084533096 (0x00000203461e1168)
 - injected 'array_klass' 'J' @24  0 (0x0000000000000000)
 - injected 'oop_size' 'I' @32  14 (0x0000000e)
 - injected 'static_oop_field_count' 'I' @36  0 (0x00000000)
 - private volatile transient 'cachedConstructor' 'Ljava/lang/reflect/Constructor;' @40  null (0x00000000)
 - private transient 'name' 'Ljava/lang/String;' @44  null (0x00000000)
 - private transient 'module' 'Ljava/lang/Module;' @48  a 'java/lang/Module'{0x0000000700f12dd8} (0xe01e25bb)
 - private final 'classLoader' 'Ljava/lang/ClassLoader;' @52  null (0x00000000)
 - private transient 'classData' 'Ljava/lang/Object;' @56  null (0x00000000)
 - private transient 'packageName' 'Ljava/lang/String;' @60  null (0x00000000)
 - private final 'componentType' 'Ljava/lang/Class;' @64  null (0x00000000)
 - private volatile transient 'reflectionData' 'Ljava/lang/ref/SoftReference;' @68  null (0x00000000)
 - private volatile transient 'genericInfo' 'Lsun/reflect/generics/repository/ClassRepository;' @72  null (0x00000000)
 - private volatile transient 'enumConstants' '[Ljava/lang/Object;' @76  null (0x00000000)
 - private volatile transient 'enumConstantDirectory' 'Ljava/util/Map;' @80  null (0x00000000)
 - private volatile transient 'annotationData' 'Ljava/lang/Class$AnnotationData;' @84  null (0x00000000)
 - private volatile transient 'annotationType' 'Lsun/reflect/annotation/AnnotationType;' @88  null (0x00000000)
 - transient 'classValueMap' 'Ljava/lang/ClassValue$ClassValueMap;' @92  null (0x00000000)
 - injected 'protection_domain' 'Ljava/lang/Object;' @96  null (0x00000000)
 - injected 'signers_name' 'Ljava/lang/Object;' @100  null (0x00000000)
 - injected 'source_file' 'Ljava/lang/Object;' @104  null (0x00000000)
 - signature: Ljava/lang/invoke/DirectMethodHandle$Holder;
 - ---- static fields (0):

Lock stack of current Java thread (top to bottom):

MethodHandle::interpreter_entry::_linkToSpecial [0x000002033adc394c, 0x000002033adc399b] (79 bytes)
[MachCode]
  0x000002033adc394c: 6666 660f | 1f84 0000 | 0000 0066 | 6666 900f | 1f44 0000 | 488b 5308 | 0fb7 522e | 488b 0cd4 
  0x000002033adc396c: 585b 5048 | 3b01 8b5b | 2448 c1e3 | 0348 8b5b | 1048 85db | 0f84 1000 | 0000 4180 | bfe0 0500 
  0x000002033adc398c: 0000 7403 | ff63 38ff | 6350 e9c5 | 
[/MachCode]

---------------  P R O C E S S  ---------------

Threads class SMR info:
_java_thread_list=0x000002038e4518c0, length=26, elements={
0x00000203456125d0, 0x00000203456133f0, 0x0000020345616220, 0x0000020345617df0,
0x0000020345618ff0, 0x0000020345619a50, 0x000002034561e150, 0x00000203456cf1e0,
0x00000203457e8030, 0x00000203457ef590, 0x00000203457f2150, 0x000002038b1ec120,
0x000002038b43f600, 0x000002038b446440, 0x000002038b47a560, 0x000002038b976360,
0x000002038b8a3cb0, 0x000002038d339160, 0x000002038b8a4340, 0x000002038e1f8120,
0x000002038e1f2bd0, 0x000002038e1f4610, 0x000002038e1f4ca0, 0x000002038e1f5330,
0x000002038e1f59c0, 0x000002038e1f6050
}

Java Threads: ( => current thread )
  0x00000203456125d0 JavaThread "Reference Handler"          daemon [_thread_blocked, id=11808, stack(0x000000a3b1400000,0x000000a3b1500000) (1024K)]
  0x00000203456133f0 JavaThread "Finalizer"                  daemon [_thread_blocked, id=13760, stack(0x000000a3b1500000,0x000000a3b1600000) (1024K)]
  0x0000020345616220 JavaThread "Signal Dispatcher"          daemon [_thread_blocked, id=10932, stack(0x000000a3b1600000,0x000000a3b1700000) (1024K)]
  0x0000020345617df0 JavaThread "Attach Listener"            daemon [_thread_blocked, id=6156, stack(0x000000a3b1700000,0x000000a3b1800000) (1024K)]
  0x0000020345618ff0 JavaThread "Service Thread"             daemon [_thread_blocked, id=9308, stack(0x000000a3b1800000,0x000000a3b1900000) (1024K)]
  0x0000020345619a50 JavaThread "Monitor Deflation Thread"   daemon [_thread_blocked, id=11992, stack(0x000000a3b1900000,0x000000a3b1a00000) (1024K)]
  0x000002034561e150 JavaThread "C1 CompilerThread0"         daemon [_thread_blocked, id=744, stack(0x000000a3b1a00000,0x000000a3b1b00000) (1024K)]
  0x00000203456cf1e0 JavaThread "Common-Cleaner"             daemon [_thread_blocked, id=7220, stack(0x000000a3b1c00000,0x000000a3b1d00000) (1024K)]
  0x00000203457e8030 JavaThread "JDWP Transport Listener: dt_socket" daemon [_thread_blocked, id=8616, stack(0x000000a3b1e00000,0x000000a3b1f00000) (1024K)]
  0x00000203457ef590 JavaThread "JDWP Event Helper Thread"   daemon [_thread_blocked, id=9592, stack(0x000000a3b1f00000,0x000000a3b2000000) (1024K)]
  0x00000203457f2150 JavaThread "JDWP Command Reader"        daemon [_thread_blocked, id=7028, stack(0x000000a3b2000000,0x000000a3b2100000) (1024K)]
  0x000002038b1ec120 JavaThread "Notification Thread"        daemon [_thread_blocked, id=8176, stack(0x000000a3b2100000,0x000000a3b2200000) (1024K)]
  0x000002038b43f600 JavaThread "RMI TCP Accept-0"           daemon [_thread_in_native, id=5128, stack(0x000000a3b2700000,0x000000a3b2800000) (1024K)]
  0x000002038b446440 JavaThread "RMI TCP Accept-64666"       daemon [_thread_in_native, id=3088, stack(0x000000a3b2800000,0x000000a3b2900000) (1024K)]
  0x000002038b47a560 JavaThread "RMI TCP Accept-0"           daemon [_thread_in_native, id=16340, stack(0x000000a3b2900000,0x000000a3b2a00000) (1024K)]
  0x000002038b976360 JavaThread "RMI Scheduler(0)"           daemon [_thread_blocked, id=8828, stack(0x000000a3b2b00000,0x000000a3b2c00000) (1024K)]
  0x000002038b8a3cb0 JavaThread "JMX server connection timeout 35" daemon [_thread_blocked, id=2104, stack(0x000000a3b2d00000,0x000000a3b2e00000) (1024K)]
  0x000002038d339160 JavaThread "Live Reload Server"         daemon [_thread_in_native, id=9736, stack(0x000000a3b3900000,0x000000a3b3a00000) (1024K)]
  0x000002038b8a4340 JavaThread "DestroyJavaVM"                     [_thread_blocked, id=18352, stack(0x000000a3b0c00000,0x000000a3b0d00000) (1024K)]
  0x000002038e1f8120 JavaThread "RMI TCP Connection(41)-127.0.0.1" daemon [_thread_in_native, id=3104, stack(0x000000a3b0a00000,0x000000a3b0b00000) (1024K)]
  0x000002038e1f2bd0 JavaThread "Thread-27"                         [_thread_blocked, id=13364, stack(0x000000a3b0900000,0x000000a3b0a00000) (1024K)]
=>0x000002038e1f4610 JavaThread "restartedMain"                     [_thread_in_Java, id=13096, stack(0x000000a3b0b00000,0x000000a3b0c00000) (1024K)]
  0x000002038e1f4ca0 JavaThread "Catalina-utility-1"                [_thread_blocked, id=3492, stack(0x000000a3b1d00000,0x000000a3b1e00000) (1024K)]
  0x000002038e1f5330 JavaThread "Catalina-utility-2"                [_thread_blocked, id=14060, stack(0x000000a3b2a00000,0x000000a3b2b00000) (1024K)]
  0x000002038e1f59c0 JavaThread "container-0"                       [_thread_blocked, id=11832, stack(0x000000a3b2e00000,0x000000a3b2f00000) (1024K)]
  0x000002038e1f6050 JavaThread "HikariPool-8 housekeeper"   daemon [_thread_blocked, id=15500, stack(0x000000a3b2f00000,0x000000a3b3000000) (1024K)]
Total: 26

Other Threads:
  0x00000203455f8170 VMThread "VM Thread"                           [id=4388, stack(0x000000a3b1300000,0x000000a3b1400000) (1024K)] _threads_hazard_ptr=0x000002038e4518c0
  0x00000203455e4b60 WatcherThread "VM Periodic Task Thread"        [id=608, stack(0x000000a3b1200000,0x000000a3b1300000) (1024K)]
  0x0000020334e29f80 WorkerThread "GC Thread#0"                     [id=18364, stack(0x000000a3b0d00000,0x000000a3b0e00000) (1024K)]
  0x000002038b433360 WorkerThread "GC Thread#1"                     [id=5636, stack(0x000000a3b2200000,0x000000a3b2300000) (1024K)]
  0x000002038b433710 WorkerThread "GC Thread#2"                     [id=2396, stack(0x000000a3b2300000,0x000000a3b2400000) (1024K)]
  0x000002038b433ac0 WorkerThread "GC Thread#3"                     [id=6148, stack(0x000000a3b2400000,0x000000a3b2500000) (1024K)]
  0x000002038b435e80 WorkerThread "GC Thread#4"                     [id=4916, stack(0x000000a3b2500000,0x000000a3b2600000) (1024K)]
  0x000002038b436230 WorkerThread "GC Thread#5"                     [id=13540, stack(0x000000a3b2600000,0x000000a3b2700000) (1024K)]
  0x0000020334e2bdb0 ConcurrentGCThread "G1 Main Marker"            [id=1104, stack(0x000000a3b0e00000,0x000000a3b0f00000) (1024K)]
  0x0000020334e2c6d0 WorkerThread "G1 Conc#0"                       [id=18408, stack(0x000000a3b0f00000,0x000000a3b1000000) (1024K)]
  0x000002038c33c0d0 WorkerThread "G1 Conc#1"                       [id=8952, stack(0x000000a3b3100000,0x000000a3b3200000) (1024K)]
  0x0000020336fae5e0 ConcurrentGCThread "G1 Refine#0"               [id=7348, stack(0x000000a3b1000000,0x000000a3b1100000) (1024K)]
  0x00000203454ab1e0 ConcurrentGCThread "G1 Service"                [id=7916, stack(0x000000a3b1100000,0x000000a3b1200000) (1024K)]
Total: 13

Threads with active compile tasks:
Total: 0

VM state: synchronizing (normal execution)

VM Mutex/Monitor currently owned by a thread:  ([mutex/lock_event])
[0x00007ffbacdcbd70] Threads_lock - owner thread: 0x00000203455f8170

Heap address: 0x0000000700c00000, size: 4084 MB, Compressed Oops mode: Zero based, Oop shift amount: 3

CDS archive(s) mapped at: [0x0000020346000000-0x0000020346d70000-0x0000020346d70000), size 14090240, SharedBaseAddress: 0x0000020346000000, ArchiveRelocationMode: 1.
Compressed class space mapped at: 0x0000020347000000-0x0000020387000000, reserved size: 1073741824
Narrow klass base: 0x0000020346000000, Narrow klass shift: 0, Narrow klass range: 0x41000000

GC Precious Log:
 CardTable entry size: 512
 Card Set container configuration: InlinePtr #cards 4 size 8 Array Of Cards #cards 16 size 48 Howl #buckets 8 coarsen threshold 3686 Howl Bitmap #cards 512 size 80 coarsen threshold 460 Card regions per heap region 1 cards per card region 4096
 CPUs: 6 total, 6 available
 Memory: 16330M
 Large Page Support: Disabled
 NUMA Support: Disabled
 Compressed Oops: Enabled (Zero based)
 Heap Region Size: 2M
 Heap Min Capacity: 8M
 Heap Initial Capacity: 256M
 Heap Max Capacity: 4084M
 Pre-touch: Disabled
 Parallel Workers: 6
 Concurrent Workers: 2
 Concurrent Refinement Workers: 6
 Periodic GC: Disabled

Heap:
 garbage-first heap   total reserved 4182016K, committed 75776K, used 42811K [0x0000000700c00000, 0x0000000800000000)
  region size 2048K, 9 young (18432K), 2 survivors (4096K)
 Metaspace       used 74005K, committed 74752K, reserved 1114112K
  class space    used 10537K, committed 10880K, reserved 1048576K

Heap Regions: E=young(eden), S=young(survivor), O=old, HS=humongous(starts), HC=humongous(continues), CS=collection set, F=free, TAMS=top-at-mark-start, PB=parsable bottom
|   0|0x0000000700c00000, 0x0000000700e00000, 0x0000000700e00000|100%| O|  |TAMS 0x0000000700c00000| PB 0x0000000700c00000| Untracked |  0
|   1|0x0000000700e00000, 0x0000000700ffffb8, 0x0000000701000000| 99%| O|  |TAMS 0x0000000700e00000| PB 0x0000000700e00000| Untracked |  0
|   2|0x0000000701000000, 0x0000000701200000, 0x0000000701200000|100%| O|  |TAMS 0x0000000701000000| PB 0x0000000701000000| Untracked |  0
|   3|0x0000000701200000, 0x0000000701400000, 0x0000000701400000|100%| O|  |TAMS 0x0000000701200000| PB 0x0000000701200000| Untracked |  0
|   4|0x0000000701400000, 0x00000007015ffff0, 0x0000000701600000| 99%| O|  |TAMS 0x0000000701400000| PB 0x0000000701400000| Untracked |  0
|   5|0x0000000701600000, 0x0000000701800000, 0x0000000701800000|100%| O|  |TAMS 0x0000000701600000| PB 0x0000000701600000| Untracked |  0
|   6|0x0000000701800000, 0x00000007019fffe8, 0x0000000701a00000| 99%| O|  |TAMS 0x0000000701800000| PB 0x0000000701800000| Untracked |  0
|   7|0x0000000701a00000, 0x0000000701c00000, 0x0000000701c00000|100%| O|  |TAMS 0x0000000701a00000| PB 0x0000000701a00000| Untracked |  0
|   8|0x0000000701c00000, 0x0000000701dffff0, 0x0000000701e00000| 99%| O|  |TAMS 0x0000000701c00000| PB 0x0000000701c00000| Untracked |  0
|   9|0x0000000701e00000, 0x0000000702000000, 0x0000000702000000|100%| O|  |TAMS 0x0000000701e00000| PB 0x0000000701e00000| Untracked |  0
|  10|0x0000000702000000, 0x00000007021ffff0, 0x0000000702200000| 99%| O|  |TAMS 0x0000000702000000| PB 0x0000000702000000| Untracked |  0
|  11|0x0000000702200000, 0x00000007023ffff8, 0x0000000702400000| 99%| O|  |TAMS 0x0000000702200000| PB 0x0000000702200000| Untracked |  0
|  12|0x0000000702400000, 0x0000000702564a88, 0x0000000702600000| 69%| O|  |TAMS 0x0000000702400000| PB 0x0000000702400000| Untracked |  0
|  13|0x0000000702600000, 0x0000000702745770, 0x0000000702800000| 63%| O|  |TAMS 0x0000000702600000| PB 0x0000000702600000| Untracked |  0
|  14|0x0000000702800000, 0x0000000702800000, 0x0000000702a00000|  0%| F|  |TAMS 0x0000000702800000| PB 0x0000000702800000| Untracked |  0
|  15|0x0000000702a00000, 0x0000000702a00000, 0x0000000702c00000|  0%| F|  |TAMS 0x0000000702a00000| PB 0x0000000702a00000| Untracked |  0
|  16|0x0000000702c00000, 0x0000000702c00000, 0x0000000702e00000|  0%| F|  |TAMS 0x0000000702c00000| PB 0x0000000702c00000| Untracked |  0
|  17|0x0000000702e00000, 0x0000000702f24e40, 0x0000000703000000| 57%| S|CS|TAMS 0x0000000702e00000| PB 0x0000000702e00000| Complete |  0
|  18|0x0000000703000000, 0x0000000703200000, 0x0000000703200000|100%| S|CS|TAMS 0x0000000703000000| PB 0x0000000703000000| Complete |  0
|  19|0x0000000703200000, 0x0000000703200000, 0x0000000703400000|  0%| F|  |TAMS 0x0000000703200000| PB 0x0000000703200000| Untracked |  0
|  20|0x0000000703400000, 0x0000000703400000, 0x0000000703600000|  0%| F|  |TAMS 0x0000000703400000| PB 0x0000000703400000| Untracked |  0
|  21|0x0000000703600000, 0x0000000703600000, 0x0000000703800000|  0%| F|  |TAMS 0x0000000703600000| PB 0x0000000703600000| Untracked |  0
|  22|0x0000000703800000, 0x0000000703800000, 0x0000000703a00000|  0%| F|  |TAMS 0x0000000703800000| PB 0x0000000703800000| Untracked |  0
|  23|0x0000000703a00000, 0x0000000703a00000, 0x0000000703c00000|  0%| F|  |TAMS 0x0000000703a00000| PB 0x0000000703a00000| Untracked |  0
|  24|0x0000000703c00000, 0x0000000703c00000, 0x0000000703e00000|  0%| F|  |TAMS 0x0000000703c00000| PB 0x0000000703c00000| Untracked |  0
|  25|0x0000000703e00000, 0x0000000703e00000, 0x0000000704000000|  0%| F|  |TAMS 0x0000000703e00000| PB 0x0000000703e00000| Untracked |  0
|  26|0x0000000704000000, 0x0000000704000000, 0x0000000704200000|  0%| F|  |TAMS 0x0000000704000000| PB 0x0000000704000000| Untracked |  0
|  27|0x0000000704200000, 0x0000000704200000, 0x0000000704400000|  0%| F|  |TAMS 0x0000000704200000| PB 0x0000000704200000| Untracked |  0
|  28|0x0000000704400000, 0x0000000704400000, 0x0000000704600000|  0%| F|  |TAMS 0x0000000704400000| PB 0x0000000704400000| Untracked |  0
|  29|0x0000000704600000, 0x0000000704600000, 0x0000000704800000|  0%| F|  |TAMS 0x0000000704600000| PB 0x0000000704600000| Untracked |  0
|  30|0x0000000704800000, 0x00000007048f7a80, 0x0000000704a00000| 48%| E|  |TAMS 0x0000000704800000| PB 0x0000000704800000| Complete |  0
|  31|0x0000000704a00000, 0x0000000704c00000, 0x0000000704c00000|100%| E|CS|TAMS 0x0000000704a00000| PB 0x0000000704a00000| Complete |  0
|  32|0x0000000704c00000, 0x0000000704e00000, 0x0000000704e00000|100%| E|CS|TAMS 0x0000000704c00000| PB 0x0000000704c00000| Complete |  0
|  65|0x0000000708e00000, 0x0000000709000000, 0x0000000709000000|100%| E|CS|TAMS 0x0000000708e00000| PB 0x0000000708e00000| Complete |  0
|  66|0x0000000709000000, 0x0000000709200000, 0x0000000709200000|100%| E|CS|TAMS 0x0000000709000000| PB 0x0000000709000000| Complete |  0
|  67|0x0000000709200000, 0x0000000709400000, 0x0000000709400000|100%| E|CS|TAMS 0x0000000709200000| PB 0x0000000709200000| Complete |  0
| 127|0x0000000710a00000, 0x0000000710c00000, 0x0000000710c00000|100%| E|CS|TAMS 0x0000000710a00000| PB 0x0000000710a00000| Complete |  0

Card table byte_map: [0x000002033e590000,0x000002033ed90000] _byte_map_base: 0x000002033ad8a000

Marking Bits: (CMBitMap*) 0x0000020334e2b4b0
 Bits: [0x000002033ed90000, 0x0000020342d60000)

Polling page: 0x0000020334ff0000

Metaspace:

Usage:
  Non-class:     61.98 MB used.
      Class:     10.29 MB used.
       Both:     72.27 MB used.

Virtual space:
  Non-class space:       64.00 MB reserved,      62.38 MB ( 97%) committed,  1 nodes.
      Class space:        1.00 GB reserved,      10.62 MB (  1%) committed,  1 nodes.
             Both:        1.06 GB reserved,      73.00 MB (  7%) committed. 

Chunk freelists:
   Non-Class:  1.30 MB
       Class:  5.44 MB
        Both:  6.74 MB

MaxMetaspaceSize: unlimited
CompressedClassSpaceSize: 1.00 GB
Initial GC threshold: 21.00 MB
Current GC threshold: 121.38 MB
CDS: on
 - commit_granule_bytes: 65536.
 - commit_granule_words: 8192.
 - virtual_space_node_default_size: 8388608.
 - enlarge_chunks_in_place: 1.
 - use_allocation_guard: 0.


Internal statistics:

num_allocs_failed_limit: 9.
num_arena_births: 1362.
num_arena_deaths: 636.
num_vsnodes_births: 2.
num_vsnodes_deaths: 0.
num_space_committed: 1168.
num_space_uncommitted: 0.
num_chunks_returned_to_freelist: 752.
num_chunks_taken_from_freelist: 4274.
num_chunk_merges: 160.
num_chunk_splits: 2666.
num_chunks_enlarged: 1998.
num_inconsistent_stats: 0.

CodeCache: size=49152Kb used=13918Kb max_used=15346Kb free=35233Kb
 bounds [0x000002033ad90000, 0x000002033bd20000, 0x000002033dd90000]
 total_blobs=9686, nmethods=8914, adapters=696, full_count=0
Compilation: enabled, stopped_count=0, restarted_count=0

Compilation events (20 events):
Event: 1503.627 Thread 0x000002038e5962b0 11905       1       org.springframework.util.ConcurrentReferenceHashMap::<init> (14 bytes)
Event: 1503.627 Thread 0x000002038e5962b0 nmethod 11905 0x000002033b37a188 code [0x000002033b37a2c0, 0x000002033b37a3c8]
Event: 1503.627 Thread 0x000002034561e150 11906       1       org.springframework.data.repository.core.support.RepositoryComposition$RepositoryFragments$$Lambda/0x0000020347835968::apply (10 bytes)
Event: 1503.627 Thread 0x000002038e5962b0 11907       1       org.springframework.data.repository.core.support.RepositoryFragment::methods (13 bytes)
Event: 1503.627 Thread 0x000002034561e150 nmethod 11906 0x000002033b379e88 code [0x000002033b379fa0, 0x000002033b37a0f8]
Event: 1503.628 Thread 0x000002038e5962b0 nmethod 11907 0x000002033b379908 code [0x000002033b379a80, 0x000002033b379db0]
Event: 1503.628 Thread 0x000002034561e150 11908       1       org.springframework.data.util.AnnotationDetectionMethodCallback::doWith (91 bytes)
Event: 1503.628 Thread 0x000002038e5962b0 11909       1       org.springframework.data.repository.core.support.DefaultRepositoryMetadata::getDomainTypeInformation (5 bytes)
Event: 1503.628 Thread 0x000002038e5962b0 nmethod 11909 0x000002033b379608 code [0x000002033b379720, 0x000002033b3797f0]
Event: 1503.628 Thread 0x000002034561e150 nmethod 11908 0x000002033b378a08 code [0x000002033b378be0, 0x000002033b379590]
Event: 1503.629 Thread 0x000002034561e150 11910       1       org.hibernate.metamodel.AttributeClassification::getJpaClassification (5 bytes)
Event: 1503.630 Thread 0x000002034561e150 nmethod 11910 0x000002033b378608 code [0x000002033b378720, 0x000002033b3787f0]
Event: 1503.630 Thread 0x000002034561e150 11911       1       org.hibernate.metamodel.model.domain.internal.AbstractAttribute::getAttributeClassification (5 bytes)
Event: 1503.630 Thread 0x000002034561e150 nmethod 11911 0x000002033b1b7188 code [0x000002033b1b72a0, 0x000002033b1b7370]
Event: 1503.730 Thread 0x000002034561e150 11912       1       sun.net.www.protocol.jar.URLJarFile::close (22 bytes)
Event: 1503.730 Thread 0x000002038e5962b0 11913   !   1       sun.net.www.protocol.jar.JarFileFactory::close (46 bytes)
Event: 1503.730 Thread 0x000002034561e150 nmethod 11912 0x000002033b1b6e88 code [0x000002033b1b6fc0, 0x000002033b1b7128]
Event: 1503.730 Thread 0x000002038e5962b0 nmethod 11913 0x000002033b1b6708 code [0x000002033b1b6880, 0x000002033b1b6dc8]
Event: 1503.793 Thread 0x000002034561e150 11914       1       jdk.internal.misc.Unsafe::putIntRelease (9 bytes)
Event: 1503.793 Thread 0x000002034561e150 nmethod 11914 0x000002033b1b6408 code [0x000002033b1b6520, 0x000002033b1b65f0]

GC Heap History (20 events):
Event: 352.016 GC heap before
{Heap before GC invocations=36 (full 3):
 garbage-first heap   total reserved 4182016K, committed 75776K, used 36904K [0x0000000700c00000, 0x0000000800000000)
  region size 2048K, 5 young (10240K), 1 survivors (2048K)
 Metaspace       used 72439K, committed 73280K, reserved 1114112K
  class space    used 10360K, committed 10752K, reserved 1048576K
}
Event: 352.061 GC heap after
{Heap after GC invocations=37 (full 4):
 garbage-first heap   total reserved 4182016K, committed 75776K, used 24126K [0x0000000700c00000, 0x0000000800000000)
  region size 2048K, 0 young (0K), 0 survivors (0K)
 Metaspace       used 72429K, committed 73280K, reserved 1114112K
  class space    used 10357K, committed 10752K, reserved 1048576K
}
Event: 352.467 GC heap before
{Heap before GC invocations=37 (full 4):
 garbage-first heap   total reserved 4182016K, committed 75776K, used 65086K [0x0000000700c00000, 0x0000000800000000)
  region size 2048K, 21 young (43008K), 0 survivors (0K)
 Metaspace       used 72564K, committed 73344K, reserved 1114112K
  class space    used 10389K, committed 10752K, reserved 1048576K
}
Event: 352.470 GC heap after
{Heap after GC invocations=38 (full 4):
 garbage-first heap   total reserved 4182016K, committed 75776K, used 28918K [0x0000000700c00000, 0x0000000800000000)
  region size 2048K, 3 young (6144K), 3 survivors (6144K)
 Metaspace       used 72564K, committed 73344K, reserved 1114112K
  class space    used 10389K, committed 10752K, reserved 1048576K
}
Event: 390.310 GC heap before
{Heap before GC invocations=38 (full 4):
 garbage-first heap   total reserved 4182016K, committed 75776K, used 59638K [0x0000000700c00000, 0x0000000800000000)
  region size 2048K, 18 young (36864K), 3 survivors (6144K)
 Metaspace       used 72875K, committed 73600K, reserved 1114112K
  class space    used 10438K, committed 10752K, reserved 1048576K
}
Event: 390.314 GC heap after
{Heap after GC invocations=39 (full 4):
 garbage-first heap   total reserved 4182016K, committed 75776K, used 32109K [0x0000000700c00000, 0x0000000800000000)
  region size 2048K, 3 young (6144K), 3 survivors (6144K)
 Metaspace       used 72875K, committed 73600K, reserved 1114112K
  class space    used 10438K, committed 10752K, reserved 1048576K
}
Event: 423.704 GC heap before
{Heap before GC invocations=39 (full 4):
 garbage-first heap   total reserved 4182016K, committed 75776K, used 36205K [0x0000000700c00000, 0x0000000800000000)
  region size 2048K, 6 young (12288K), 3 survivors (6144K)
 Metaspace       used 73009K, committed 73856K, reserved 1114112K
  class space    used 10461K, committed 10816K, reserved 1048576K
}
Event: 423.747 GC heap after
{Heap after GC invocations=40 (full 5):
 garbage-first heap   total reserved 4182016K, committed 75776K, used 26935K [0x0000000700c00000, 0x0000000800000000)
  region size 2048K, 0 young (0K), 0 survivors (0K)
 Metaspace       used 72886K, committed 73856K, reserved 1114112K
  class space    used 10428K, committed 10816K, reserved 1048576K
}
Event: 424.440 GC heap before
{Heap before GC invocations=40 (full 5):
 garbage-first heap   total reserved 4182016K, committed 75776K, used 63799K [0x0000000700c00000, 0x0000000800000000)
  region size 2048K, 18 young (36864K), 0 survivors (0K)
 Metaspace       used 72928K, committed 73856K, reserved 1114112K
  class space    used 10434K, committed 10816K, reserved 1048576K
}
Event: 424.442 GC heap after
{Heap after GC invocations=41 (full 5):
 garbage-first heap   total reserved 4182016K, committed 75776K, used 30302K [0x0000000700c00000, 0x0000000800000000)
  region size 2048K, 2 young (4096K), 2 survivors (4096K)
 Metaspace       used 72928K, committed 73856K, reserved 1114112K
  class space    used 10434K, committed 10816K, reserved 1048576K
}
Event: 589.012 GC heap before
{Heap before GC invocations=41 (full 5):
 garbage-first heap   total reserved 4182016K, committed 75776K, used 58974K [0x0000000700c00000, 0x0000000800000000)
  region size 2048K, 18 young (36864K), 2 survivors (4096K)
 Metaspace       used 73177K, committed 73920K, reserved 1114112K
  class space    used 10456K, committed 10816K, reserved 1048576K
}
Event: 589.053 GC heap after
{Heap after GC invocations=42 (full 6):
 garbage-first heap   total reserved 4182016K, committed 75776K, used 27227K [0x0000000700c00000, 0x0000000800000000)
  region size 2048K, 0 young (0K), 0 survivors (0K)
 Metaspace       used 73072K, committed 73920K, reserved 1114112K
  class space    used 10427K, committed 10816K, reserved 1048576K
}
Event: 589.660 GC heap before
{Heap before GC invocations=42 (full 6):
 garbage-first heap   total reserved 4182016K, committed 75776K, used 64091K [0x0000000700c00000, 0x0000000800000000)
  region size 2048K, 18 young (36864K), 0 survivors (0K)
 Metaspace       used 73112K, committed 73920K, reserved 1114112K
  class space    used 10433K, committed 10816K, reserved 1048576K
}
Event: 589.662 GC heap after
{Heap after GC invocations=43 (full 6):
 garbage-first heap   total reserved 4182016K, committed 75776K, used 30545K [0x0000000700c00000, 0x0000000800000000)
  region size 2048K, 2 young (4096K), 2 survivors (4096K)
 Metaspace       used 73112K, committed 73920K, reserved 1114112K
  class space    used 10433K, committed 10816K, reserved 1048576K
}
Event: 612.656 GC heap before
{Heap before GC invocations=43 (full 6):
 garbage-first heap   total reserved 4182016K, committed 75776K, used 63313K [0x0000000700c00000, 0x0000000800000000)
  region size 2048K, 18 young (36864K), 2 survivors (4096K)
 Metaspace       used 73565K, committed 74368K, reserved 1114112K
  class space    used 10489K, committed 10880K, reserved 1048576K
}
Event: 612.660 GC heap after
{Heap after GC invocations=44 (full 6):
 garbage-first heap   total reserved 4182016K, committed 75776K, used 32330K [0x0000000700c00000, 0x0000000800000000)
  region size 2048K, 3 young (6144K), 3 survivors (6144K)
 Metaspace       used 73565K, committed 74368K, reserved 1114112K
  class space    used 10489K, committed 10880K, reserved 1048576K
}
Event: 1503.134 GC heap before
{Heap before GC invocations=44 (full 6):
 garbage-first heap   total reserved 4182016K, committed 75776K, used 46666K [0x0000000700c00000, 0x0000000800000000)
  region size 2048K, 11 young (22528K), 3 survivors (6144K)
 Metaspace       used 73789K, committed 74560K, reserved 1114112K
  class space    used 10527K, committed 10880K, reserved 1048576K
}
Event: 1503.173 GC heap after
{Heap after GC invocations=45 (full 7):
 garbage-first heap   total reserved 4182016K, committed 75776K, used 27304K [0x0000000700c00000, 0x0000000800000000)
  region size 2048K, 0 young (0K), 0 survivors (0K)
 Metaspace       used 73762K, committed 74560K, reserved 1114112K
  class space    used 10519K, committed 10880K, reserved 1048576K
}
Event: 1503.538 GC heap before
{Heap before GC invocations=45 (full 7):
 garbage-first heap   total reserved 4182016K, committed 75776K, used 64168K [0x0000000700c00000, 0x0000000800000000)
  region size 2048K, 18 young (36864K), 0 survivors (0K)
 Metaspace       used 73798K, committed 74560K, reserved 1114112K
  class space    used 10525K, committed 10880K, reserved 1048576K
}
Event: 1503.540 GC heap after
{Heap after GC invocations=46 (full 7):
 garbage-first heap   total reserved 4182016K, committed 75776K, used 30523K [0x0000000700c00000, 0x0000000800000000)
  region size 2048K, 2 young (4096K), 2 survivors (4096K)
 Metaspace       used 73798K, committed 74560K, reserved 1114112K
  class space    used 10525K, committed 10880K, reserved 1048576K
}

Dll operation events (12 events):
Event: 0.040 Loaded shared library C:\Users\seoko\.p2\pool\plugins\org.eclipse.justj.openjdk.hotspot.jre.full.win32.x86_64_23.0.1.v20241024-1700\jre\bin\java.dll
Event: 0.064 Loaded shared library C:\Users\seoko\.p2\pool\plugins\org.eclipse.justj.openjdk.hotspot.jre.full.win32.x86_64_23.0.1.v20241024-1700\jre\bin\zip.dll
Event: 0.370 Loaded shared library C:\Users\seoko\.p2\pool\plugins\org.eclipse.justj.openjdk.hotspot.jre.full.win32.x86_64_23.0.1.v20241024-1700\jre\bin\instrument.dll
Event: 0.375 Loaded shared library C:\Users\seoko\.p2\pool\plugins\org.eclipse.justj.openjdk.hotspot.jre.full.win32.x86_64_23.0.1.v20241024-1700\jre\bin\net.dll
Event: 0.376 Loaded shared library C:\Users\seoko\.p2\pool\plugins\org.eclipse.justj.openjdk.hotspot.jre.full.win32.x86_64_23.0.1.v20241024-1700\jre\bin\nio.dll
Event: 0.380 Loaded shared library C:\Users\seoko\.p2\pool\plugins\org.eclipse.justj.openjdk.hotspot.jre.full.win32.x86_64_23.0.1.v20241024-1700\jre\bin\zip.dll
Event: 0.508 Loaded shared library C:\Users\seoko\.p2\pool\plugins\org.eclipse.justj.openjdk.hotspot.jre.full.win32.x86_64_23.0.1.v20241024-1700\jre\bin\jimage.dll
Event: 0.558 Loaded shared library C:\Users\seoko\.p2\pool\plugins\org.eclipse.justj.openjdk.hotspot.jre.full.win32.x86_64_23.0.1.v20241024-1700\jre\bin\management.dll
Event: 0.572 Loaded shared library C:\Users\seoko\.p2\pool\plugins\org.eclipse.justj.openjdk.hotspot.jre.full.win32.x86_64_23.0.1.v20241024-1700\jre\bin\management_ext.dll
Event: 0.832 Loaded shared library C:\Users\seoko\.p2\pool\plugins\org.eclipse.justj.openjdk.hotspot.jre.full.win32.x86_64_23.0.1.v20241024-1700\jre\bin\extnet.dll
Event: 0.855 Loaded shared library C:\Users\seoko\.p2\pool\plugins\org.eclipse.justj.openjdk.hotspot.jre.full.win32.x86_64_23.0.1.v20241024-1700\jre\bin\verify.dll
Event: 1.960 Loaded shared library C:\Users\seoko\.p2\pool\plugins\org.eclipse.justj.openjdk.hotspot.jre.full.win32.x86_64_23.0.1.v20241024-1700\jre\bin\sunmscapi.dll

Deoptimization events (20 events):
Event: 1503.630 Thread 0x000002038e1f4610 DEOPT PACKING pc=0x000002033b3e5f04 sp=0x000000a3b0bf9e00
Event: 1503.630 Thread 0x000002038e1f4610 DEOPT UNPACKING pc=0x000002033ade4b22 sp=0x000000a3b0bf9338 mode 1
Event: 1503.630 Thread 0x000002038e1f4610 DEOPT PACKING pc=0x000002033b3e7174 sp=0x000000a3b0bf9ef0
Event: 1503.630 Thread 0x000002038e1f4610 DEOPT UNPACKING pc=0x000002033ade4b22 sp=0x000000a3b0bf94a0 mode 1
Event: 1503.630 Thread 0x000002038e1f4610 DEOPT PACKING pc=0x000002033b3e81d4 sp=0x000000a3b0bfa060
Event: 1503.630 Thread 0x000002038e1f4610 DEOPT UNPACKING pc=0x000002033ade4b22 sp=0x000000a3b0bf9620 mode 1
Event: 1503.630 Thread 0x000002038e1f4610 DEOPT PACKING pc=0x000002033b3e5f04 sp=0x000000a3b0bf9e00
Event: 1503.630 Thread 0x000002038e1f4610 DEOPT UNPACKING pc=0x000002033ade4b22 sp=0x000000a3b0bf9338 mode 1
Event: 1503.630 Thread 0x000002038e1f4610 DEOPT PACKING pc=0x000002033b3e7174 sp=0x000000a3b0bf9ef0
Event: 1503.630 Thread 0x000002038e1f4610 DEOPT UNPACKING pc=0x000002033ade4b22 sp=0x000000a3b0bf94a0 mode 1
Event: 1503.630 Thread 0x000002038e1f4610 DEOPT PACKING pc=0x000002033b3e81d4 sp=0x000000a3b0bfa060
Event: 1503.630 Thread 0x000002038e1f4610 DEOPT UNPACKING pc=0x000002033ade4b22 sp=0x000000a3b0bf9620 mode 1
Event: 1503.630 Thread 0x000002038e1f4610 DEOPT PACKING pc=0x000002033b3e5f04 sp=0x000000a3b0bf9e00
Event: 1503.630 Thread 0x000002038e1f4610 DEOPT UNPACKING pc=0x000002033ade4b22 sp=0x000000a3b0bf9338 mode 1
Event: 1503.630 Thread 0x000002038e1f4610 DEOPT PACKING pc=0x000002033b3e7174 sp=0x000000a3b0bf9ef0
Event: 1503.630 Thread 0x000002038e1f4610 DEOPT UNPACKING pc=0x000002033ade4b22 sp=0x000000a3b0bf94a0 mode 1
Event: 1503.630 Thread 0x000002038e1f4610 DEOPT PACKING pc=0x000002033b3e81d4 sp=0x000000a3b0bfa060
Event: 1503.630 Thread 0x000002038e1f4610 DEOPT UNPACKING pc=0x000002033ade4b22 sp=0x000000a3b0bf9620 mode 1
Event: 1514.882 Thread 0x000002038e1f4610 DEOPT PACKING pc=0x000002033b214aa4 sp=0x000000a3b0bfd900
Event: 1514.882 Thread 0x000002038e1f4610 DEOPT UNPACKING pc=0x000002033ade4b22 sp=0x000000a3b0bfcdb8 mode 0

Classes loaded (20 events):
Event: 116.085 Loading class sun/net/www/http/KeepAliveCache$1
Event: 116.085 Loading class sun/net/www/http/KeepAliveCache$1 done
Event: 116.085 Loading class sun/net/www/http/KeepAliveCache$ClientVector
Event: 116.086 Loading class sun/net/www/http/KeepAliveCache$ClientVector done
Event: 116.086 Loading class sun/net/www/http/KeepAliveEntry
Event: 116.086 Loading class sun/net/www/http/KeepAliveEntry done
Event: 131.098 Loading class sun/security/ssl/Alert
Event: 131.098 Loading class sun/security/ssl/Alert done
Event: 131.098 Loading class sun/security/ssl/Alert$AlertConsumer
Event: 131.102 Loading class sun/security/ssl/Alert$AlertConsumer done
Event: 131.102 Loading class sun/security/ssl/Alert$Level
Event: 131.102 Loading class sun/security/ssl/Alert$Level done
Event: 352.581 Loading class java/time/DurationEditor
Event: 352.581 Loading class java/time/DurationEditor done
Event: 352.728 Loading class java/util/concurrent/locks/ReentrantReadWriteLock$Sync$HoldCounter
Event: 352.728 Loading class java/util/concurrent/locks/ReentrantReadWriteLock$Sync$HoldCounter done
Event: 390.326 Loading class jdk/internal/loader/BootLoader$PackageHelper
Event: 390.326 Loading class jdk/internal/loader/BootLoader$PackageHelper done
Event: 1099.533 Loading class java/io/FileOutputStream$1
Event: 1099.533 Loading class java/io/FileOutputStream$1 done

Classes unloaded (20 events):
Event: 589.027 Thread 0x00000203455f8170 Unloading class 0x000002034790e000 'java/lang/invoke/LambdaForm$MH+0x000002034790e000'
Event: 589.027 Thread 0x00000203455f8170 Unloading class 0x00000203479d8000 'java/lang/invoke/LambdaForm$MH+0x00000203479d8000'
Event: 589.027 Thread 0x00000203455f8170 Unloading class 0x00000203479d3400 'java/lang/invoke/LambdaForm$MH+0x00000203479d3400'
Event: 589.027 Thread 0x00000203455f8170 Unloading class 0x00000203479d1c00 'java/lang/invoke/LambdaForm$DMH+0x00000203479d1c00'
Event: 589.027 Thread 0x00000203455f8170 Unloading class 0x00000203479d1800 'java/lang/invoke/LambdaForm$MH+0x00000203479d1800'
Event: 1503.149 Thread 0x00000203455f8170 Unloading class 0x0000020347a19c00 'java/lang/invoke/LambdaForm$MH+0x0000020347a19c00'
Event: 1503.149 Thread 0x00000203455f8170 Unloading class 0x0000020347a1ac00 'java/lang/invoke/LambdaForm$BMH+0x0000020347a1ac00'
Event: 1503.149 Thread 0x00000203455f8170 Unloading class 0x0000020347879000 'org/apache/catalina/loader/JdbcLeakPrevention'
Event: 1503.149 Thread 0x00000203455f8170 Unloading class 0x0000020347a82c00 'java/lang/invoke/LambdaForm$MH+0x0000020347a82c00'
Event: 1503.149 Thread 0x00000203455f8170 Unloading class 0x0000020347a81c00 'java/lang/invoke/LambdaForm$MH+0x0000020347a81c00'
Event: 1503.149 Thread 0x00000203455f8170 Unloading class 0x0000020347a81400 'java/lang/invoke/LambdaForm$MH+0x0000020347a81400'
Event: 1503.149 Thread 0x00000203455f8170 Unloading class 0x0000020347a80c00 'java/lang/invoke/LambdaForm$MH+0x0000020347a80c00'
Event: 1503.149 Thread 0x00000203455f8170 Unloading class 0x0000020347a1a800 'java/lang/invoke/LambdaForm$MH+0x0000020347a1a800'
Event: 1503.149 Thread 0x00000203455f8170 Unloading class 0x0000020347a1a000 'java/lang/invoke/LambdaForm$MH+0x0000020347a1a000'
Event: 1503.149 Thread 0x00000203455f8170 Unloading class 0x00000203471b9000 'java/lang/invoke/LambdaForm$MH+0x00000203471b9000'
Event: 1503.149 Thread 0x00000203455f8170 Unloading class 0x00000203471c5800 'java/lang/invoke/LambdaForm$MH+0x00000203471c5800'
Event: 1503.149 Thread 0x00000203455f8170 Unloading class 0x00000203471c4400 'java/lang/invoke/LambdaForm$MH+0x00000203471c4400'
Event: 1503.149 Thread 0x00000203455f8170 Unloading class 0x00000203471c4000 'java/lang/invoke/LambdaForm$MH+0x00000203471c4000'
Event: 1503.149 Thread 0x00000203455f8170 Unloading class 0x0000020347080c00 'java/lang/invoke/LambdaForm$MH+0x0000020347080c00'
Event: 1503.149 Thread 0x00000203455f8170 Unloading class 0x0000020347080000 'java/lang/invoke/LambdaForm$MH+0x0000020347080000'

Classes redefined (20 events):
Event: 587.445 Thread 0x00000203455f8170 redefined class name=com.demo.toy.controller.ApiController, count=1
Event: 587.445 Thread 0x00000203455f8170 redefined class name=com.demo.toy.controller.ApiController, count=1
Event: 587.445 Thread 0x00000203455f8170 redefined class name=com.demo.toy.controller.ApiController, count=1
Event: 587.445 Thread 0x00000203455f8170 redefined class name=com.demo.toy.controller.ApiController, count=2
Event: 587.445 Thread 0x00000203455f8170 redefined class name=com.demo.toy.controller.ApiController, count=2
Event: 1501.775 Thread 0x00000203455f8170 redefined class name=com.demo.toy.controller.ApiController, count=3
Event: 1501.775 Thread 0x00000203455f8170 redefined class name=com.demo.toy.controller.ApiController, count=3
Event: 1501.775 Thread 0x00000203455f8170 redefined class name=com.demo.toy.controller.ApiController, count=2
Event: 1501.775 Thread 0x00000203455f8170 redefined class name=com.demo.toy.controller.ApiController, count=2
Event: 1501.775 Thread 0x00000203455f8170 redefined class name=com.demo.toy.controller.ApiController, count=2
Event: 1501.775 Thread 0x00000203455f8170 redefined class name=com.demo.toy.controller.ApiController, count=2
Event: 1501.775 Thread 0x00000203455f8170 redefined class name=com.demo.toy.controller.ApiController, count=1
Event: 1514.906 Thread 0x00000203455f8170 redefined class name=com.demo.toy.controller.ApiController, count=1
Event: 1514.906 Thread 0x00000203455f8170 redefined class name=com.demo.toy.controller.ApiController, count=4
Event: 1514.906 Thread 0x00000203455f8170 redefined class name=com.demo.toy.controller.ApiController, count=4
Event: 1514.906 Thread 0x00000203455f8170 redefined class name=com.demo.toy.controller.ApiController, count=3
Event: 1514.906 Thread 0x00000203455f8170 redefined class name=com.demo.toy.controller.ApiController, count=3
Event: 1514.906 Thread 0x00000203455f8170 redefined class name=com.demo.toy.controller.ApiController, count=3
Event: 1514.906 Thread 0x00000203455f8170 redefined class name=com.demo.toy.controller.ApiController, count=3
Event: 1514.906 Thread 0x00000203455f8170 redefined class name=com.demo.toy.controller.ApiController, count=2

Internal exceptions (20 events):
Event: 589.012 Thread 0x000002038e1f4610 Exception <a 'java/lang/InterruptedException'{0x00000007037b41c8}: sleep interrupted> (0x00000007037b41c8) 
thrown [s\src\hotspot\share\prims\jvm.cpp, line 3093]
Event: 589.064 Thread 0x000002038e7e7e00 Exception <a 'sun/nio/fs/WindowsException'{0x0000000710a77c20}> (0x0000000710a77c20) 
thrown [s\src\hotspot\share\prims\jni.cpp, line 520]
Event: 589.296 Thread 0x000002038e7e7e00 Exception <a 'java/lang/NoClassDefFoundError'{0x0000000703e66058}: org/flywaydb/core/Flyway> (0x0000000703e66058) 
thrown [s\src\hotspot\share\oops\constantPool.cpp, line 867]
Event: 589.568 Thread 0x000002038e7e7e00 Exception <a 'java/lang/NoClassDefFoundError'{0x0000000703e666b8}: liquibase/integration/spring/SpringLiquibase> (0x0000000703e666b8) 
thrown [s\src\hotspot\share\oops\constantPool.cpp, line 867]
Event: 589.570 Thread 0x000002038e7e7e00 Exception <a 'java/lang/NoClassDefFoundError'{0x0000000703e7d620}: org/springframework/batch/core/repository/JobRepository> (0x0000000703e7d620) 
thrown [s\src\hotspot\share\oops\constantPool.cpp, line 867]
Event: 589.570 Thread 0x000002038e7e7e00 Exception <a 'java/lang/NoClassDefFoundError'{0x0000000703e7dc78}: org/quartz/Scheduler> (0x0000000703e7dc78) 
thrown [s\src\hotspot\share\oops\constantPool.cpp, line 867]
Event: 589.571 Thread 0x000002038e7e7e00 Exception <a 'java/lang/NoClassDefFoundError'{0x0000000703e7e2f8}: org/springframework/session/jdbc/JdbcIndexedSessionRepository> (0x0000000703e7e2f8) 
thrown [s\src\hotspot\share\oops\constantPool.cpp, line 867]
Event: 589.574 Thread 0x000002038e7e7e00 Exception <a 'java/lang/NoClassDefFoundError'{0x0000000703ec4ab0}: org/jooq/DSLContext> (0x0000000703ec4ab0) 
thrown [s\src\hotspot\share\oops\constantPool.cpp, line 867]
Event: 589.616 Thread 0x000002038e7e7e00 Exception <a 'java/io/FileNotFoundException'{0x000000070399be58}> (0x000000070399be58) 
thrown [s\src\hotspot\share\prims\jni.cpp, line 520]
Event: 589.632 Thread 0x000002038e7e7e00 Exception <a 'java/io/FileNotFoundException'{0x0000000703767c60}> (0x0000000703767c60) 
thrown [s\src\hotspot\share\prims\jni.cpp, line 520]
Event: 1503.134 Thread 0x000002038e7e42f0 Exception <a 'java/lang/InterruptedException'{0x00000007046abae0}: sleep interrupted> (0x00000007046abae0) 
thrown [s\src\hotspot\share\prims\jvm.cpp, line 3093]
Event: 1503.184 Thread 0x000002038e1f4610 Exception <a 'sun/nio/fs/WindowsException'{0x0000000710a750e8}> (0x0000000710a750e8) 
thrown [s\src\hotspot\share\prims\jni.cpp, line 520]
Event: 1503.437 Thread 0x000002038e1f4610 Exception <a 'java/lang/NoClassDefFoundError'{0x0000000703e61d18}: org/flywaydb/core/Flyway> (0x0000000703e61d18) 
thrown [s\src\hotspot\share\oops\constantPool.cpp, line 867]
Event: 1503.437 Thread 0x000002038e1f4610 Exception <a 'java/lang/NoClassDefFoundError'{0x0000000703e62378}: liquibase/integration/spring/SpringLiquibase> (0x0000000703e62378) 
thrown [s\src\hotspot\share\oops\constantPool.cpp, line 867]
Event: 1503.439 Thread 0x000002038e1f4610 Exception <a 'java/lang/NoClassDefFoundError'{0x0000000703e792e0}: org/springframework/batch/core/repository/JobRepository> (0x0000000703e792e0) 
thrown [s\src\hotspot\share\oops\constantPool.cpp, line 867]
Event: 1503.439 Thread 0x000002038e1f4610 Exception <a 'java/lang/NoClassDefFoundError'{0x0000000703e79938}: org/quartz/Scheduler> (0x0000000703e79938) 
thrown [s\src\hotspot\share\oops\constantPool.cpp, line 867]
Event: 1503.440 Thread 0x000002038e1f4610 Exception <a 'java/lang/NoClassDefFoundError'{0x0000000703e79fb8}: org/springframework/session/jdbc/JdbcIndexedSessionRepository> (0x0000000703e79fb8) 
thrown [s\src\hotspot\share\oops\constantPool.cpp, line 867]
Event: 1503.442 Thread 0x000002038e1f4610 Exception <a 'java/lang/NoClassDefFoundError'{0x0000000703ec0780}: org/jooq/DSLContext> (0x0000000703ec0780) 
thrown [s\src\hotspot\share\oops\constantPool.cpp, line 867]
Event: 1503.490 Thread 0x000002038e1f4610 Exception <a 'java/io/FileNotFoundException'{0x000000070398b608}> (0x000000070398b608) 
thrown [s\src\hotspot\share\prims\jni.cpp, line 520]
Event: 1503.507 Thread 0x000002038e1f4610 Exception <a 'java/io/FileNotFoundException'{0x0000000703758028}> (0x0000000703758028) 
thrown [s\src\hotspot\share\prims\jni.cpp, line 520]

VM Operations (20 events):
Event: 1322.807 Executing VM operation: HandshakeAllThreads (HandshakeForDeflation)
Event: 1322.807 Executing VM operation: HandshakeAllThreads (HandshakeForDeflation) done
Event: 1322.807 Executing VM operation: RendezvousGCThreads
Event: 1322.807 Executing VM operation: RendezvousGCThreads done
Event: 1501.765 Executing VM operation: RedefineClasses
Event: 1501.794 Executing VM operation: RedefineClasses done
Event: 1503.134 Executing VM operation: G1CollectFull (System.gc())
Event: 1503.173 Executing VM operation: G1CollectFull (System.gc()) done
Event: 1503.538 Executing VM operation: G1CollectForAllocation (G1 Evacuation Pause)
Event: 1503.540 Executing VM operation: G1CollectForAllocation (G1 Evacuation Pause) done
Event: 1506.458 Executing VM operation: get/set locals
Event: 1506.458 Executing VM operation: get/set locals done
Event: 1514.881 Executing VM operation: ChangeSingleStep
Event: 1514.881 Executing VM operation: ChangeSingleStep done
Event: 1514.882 Executing VM operation: ChangeSingleStep
Event: 1514.882 Executing VM operation: ChangeSingleStep done
Event: 1514.900 Executing VM operation: RedefineClasses
Event: 1514.920 Executing VM operation: RedefineClasses done
Event: 1514.922 Executing VM operation: ChangeSingleStep
Event: 1514.922 Executing VM operation: ChangeSingleStep done

Memory protections (0 events):
No events

Nmethod flushes (20 events):
Event: 589.036 Thread 0x00000203455f8170 flushing  nmethod 0x000002033bb44b88
Event: 589.036 Thread 0x00000203455f8170 flushing  nmethod 0x000002033bb44e88
Event: 589.036 Thread 0x00000203455f8170 flushing  nmethod 0x000002033bb4ae08
Event: 589.036 Thread 0x00000203455f8170 flushing  nmethod 0x000002033bb4dc88
Event: 589.036 Thread 0x00000203455f8170 flushing  nmethod 0x000002033bb4e008
Event: 589.036 Thread 0x00000203455f8170 flushing  nmethod 0x000002033bb4fd88
Event: 589.036 Thread 0x00000203455f8170 flushing  nmethod 0x000002033bb50e08
Event: 589.036 Thread 0x00000203455f8170 flushing  nmethod 0x000002033bb51108
Event: 589.036 Thread 0x00000203455f8170 flushing  nmethod 0x000002033bb5c908
Event: 589.036 Thread 0x00000203455f8170 flushing  nmethod 0x000002033bb5cc08
Event: 589.036 Thread 0x00000203455f8170 flushing  nmethod 0x000002033bb5cf08
Event: 589.036 Thread 0x00000203455f8170 flushing  nmethod 0x000002033bb5d208
Event: 589.036 Thread 0x00000203455f8170 flushing  nmethod 0x000002033bb63588
Event: 589.036 Thread 0x00000203455f8170 flushing  nmethod 0x000002033bb63908
Event: 589.036 Thread 0x00000203455f8170 flushing  nmethod 0x000002033bb64088
Event: 589.036 Thread 0x00000203455f8170 flushing  nmethod 0x000002033bb66108
Event: 589.036 Thread 0x00000203455f8170 flushing  nmethod 0x000002033bb68508
Event: 589.036 Thread 0x00000203455f8170 flushing  nmethod 0x000002033bb6d588
Event: 589.036 Thread 0x00000203455f8170 flushing  nmethod 0x000002033bb6d988
Event: 589.036 Thread 0x00000203455f8170 flushing  nmethod 0x000002033bb6dd08

Events (20 events):
Event: 1503.129 Thread 0x000002038e7e1500 Thread exited: 0x000002038e7e1500
Event: 1503.130 Thread 0x000002038e1f2bd0 Thread added: 0x000002038e1f66e0
Event: 1503.130 Thread 0x000002038e7e0e70 Thread exited: 0x000002038e7e0e70
Event: 1503.131 Thread 0x000002038e1f66e0 Thread exited: 0x000002038e1f66e0
Event: 1503.134 Thread 0x000002038e7e63c0 Thread exited: 0x000002038e7e63c0
Event: 1503.134 Thread 0x000002038e7e42f0 Thread exited: 0x000002038e7e42f0
Event: 1503.134 Thread 0x000002038e7e5010 Thread exited: 0x000002038e7e5010
Event: 1503.174 Thread 0x000002038e1f2bd0 Thread added: 0x000002038e1f4610
Event: 1503.174 Thread 0x000002038e1f4610 Thread exited: 0x000002038e1f4610
Event: 1503.174 Thread 0x000002038e1f2bd0 Thread added: 0x000002038e1f4610
Event: 1503.199 Thread 0x000002034561e150 Thread added: 0x000002038e5962b0
Event: 1503.216 Thread 0x000002038e1f4610 Thread added: 0x000002038e1f66e0
Event: 1503.251 Thread 0x000002038e1f66e0 Thread exited: 0x000002038e1f66e0
Event: 1503.507 Thread 0x000002038e1f4610 Thread added: 0x000002038e1f4ca0
Event: 1503.507 Thread 0x000002038e1f4610 Thread added: 0x000002038e1f5330
Event: 1503.507 Thread 0x000002038e1f4610 Thread added: 0x000002038e1f59c0
Event: 1503.545 Thread 0x000002038e1f4610 Thread added: 0x000002038e1f6050
Event: 1503.651 Thread 0x000002038e1f6050 Thread added: 0x000002038e1f66e0
Event: 1508.794 Thread 0x000002038e5962b0 Thread exited: 0x000002038e5962b0
Event: 1508.996 Thread 0x000002038e1f66e0 Thread exited: 0x000002038e1f66e0


Dynamic libraries:
0x00007ff60d360000 - 0x00007ff60d36e000 	C:\Users\seoko\.p2\pool\plugins\org.eclipse.justj.openjdk.hotspot.jre.full.win32.x86_64_23.0.1.v20241024-1700\jre\bin\javaw.exe
0x00007ffbed830000 - 0x00007ffbeda28000 	C:\WINDOWS\SYSTEM32\ntdll.dll
0x00007ffbed130000 - 0x00007ffbed1f2000 	C:\WINDOWS\System32\KERNEL32.DLL
0x00007ffbeb0f0000 - 0x00007ffbeb3e7000 	C:\WINDOWS\System32\KERNELBASE.dll
0x00007ffbeafc0000 - 0x00007ffbeb0c0000 	C:\WINDOWS\System32\ucrtbase.dll
0x00007ffbdedf0000 - 0x00007ffbdee07000 	C:\Users\seoko\.p2\pool\plugins\org.eclipse.justj.openjdk.hotspot.jre.full.win32.x86_64_23.0.1.v20241024-1700\jre\bin\jli.dll
0x00007ffbebe50000 - 0x00007ffbebfed000 	C:\WINDOWS\System32\USER32.dll
0x00007ffbeb0c0000 - 0x00007ffbeb0e2000 	C:\WINDOWS\System32\win32u.dll
0x00007ffbecc20000 - 0x00007ffbecc4b000 	C:\WINDOWS\System32\GDI32.dll
0x00007ffbeb6b0000 - 0x00007ffbeb7c9000 	C:\WINDOWS\System32\gdi32full.dll
0x00007ffbeb3f0000 - 0x00007ffbeb48d000 	C:\WINDOWS\System32\msvcp_win.dll
0x00007ffbdf050000 - 0x00007ffbdf06e000 	C:\Users\seoko\.p2\pool\plugins\org.eclipse.justj.openjdk.hotspot.jre.full.win32.x86_64_23.0.1.v20241024-1700\jre\bin\VCRUNTIME140.dll
0x00007ffbd6fe0000 - 0x00007ffbd727a000 	C:\WINDOWS\WinSxS\amd64_microsoft.windows.common-controls_6595b64144ccf1df_6.0.19041.5915_none_60b4b9d171f9c7c7\COMCTL32.dll
0x00007ffbed500000 - 0x00007ffbed59e000 	C:\WINDOWS\System32\msvcrt.dll
0x00007ffbec1e0000 - 0x00007ffbec20f000 	C:\WINDOWS\System32\IMM32.DLL
0x00007ffbe0ea0000 - 0x00007ffbe0eac000 	C:\Users\seoko\.p2\pool\plugins\org.eclipse.justj.openjdk.hotspot.jre.full.win32.x86_64_23.0.1.v20241024-1700\jre\bin\vcruntime140_1.dll
0x00007ffba9560000 - 0x00007ffba95ed000 	C:\Users\seoko\.p2\pool\plugins\org.eclipse.justj.openjdk.hotspot.jre.full.win32.x86_64_23.0.1.v20241024-1700\jre\bin\msvcp140.dll
0x00007ffbac0e0000 - 0x00007ffbacead000 	C:\Users\seoko\.p2\pool\plugins\org.eclipse.justj.openjdk.hotspot.jre.full.win32.x86_64_23.0.1.v20241024-1700\jre\bin\server\jvm.dll
0x00007ffbebff0000 - 0x00007ffbec0a1000 	C:\WINDOWS\System32\ADVAPI32.dll
0x00007ffbed200000 - 0x00007ffbed29f000 	C:\WINDOWS\System32\sechost.dll
0x00007ffbed600000 - 0x00007ffbed726000 	C:\WINDOWS\System32\RPCRT4.dll
0x00007ffbeb680000 - 0x00007ffbeb6a7000 	C:\WINDOWS\System32\bcrypt.dll
0x00007ffbecbb0000 - 0x00007ffbecc1b000 	C:\WINDOWS\System32\WS2_32.dll
0x00007ffbea450000 - 0x00007ffbea49b000 	C:\WINDOWS\SYSTEM32\POWRPROF.dll
0x00007ffbe30e0000 - 0x00007ffbe3107000 	C:\WINDOWS\SYSTEM32\WINMM.dll
0x00007ffbe53d0000 - 0x00007ffbe53da000 	C:\WINDOWS\SYSTEM32\VERSION.dll
0x00007ffbea2c0000 - 0x00007ffbea2d2000 	C:\WINDOWS\SYSTEM32\UMPDC.dll
0x00007ffbe8d60000 - 0x00007ffbe8d72000 	C:\WINDOWS\SYSTEM32\kernel.appcore.dll
0x00007ffbe70a0000 - 0x00007ffbe70aa000 	C:\Users\seoko\.p2\pool\plugins\org.eclipse.justj.openjdk.hotspot.jre.full.win32.x86_64_23.0.1.v20241024-1700\jre\bin\jimage.dll
0x00007ffbe2d10000 - 0x00007ffbe2f11000 	C:\WINDOWS\SYSTEM32\DBGHELP.DLL
0x00007ffbca4c0000 - 0x00007ffbca4f4000 	C:\WINDOWS\SYSTEM32\dbgcore.DLL
0x00007ffbeb5f0000 - 0x00007ffbeb672000 	C:\WINDOWS\System32\bcryptPrimitives.dll
0x00007ffbc4e20000 - 0x00007ffbc4e5c000 	C:\Users\seoko\.p2\pool\plugins\org.eclipse.justj.openjdk.hotspot.jre.full.win32.x86_64_23.0.1.v20241024-1700\jre\bin\jdwp.dll
0x00007ffbe7ae0000 - 0x00007ffbe7aef000 	C:\Users\seoko\.p2\pool\plugins\org.eclipse.justj.openjdk.hotspot.jre.full.win32.x86_64_23.0.1.v20241024-1700\jre\bin\instrument.dll
0x00007ffbe0d70000 - 0x00007ffbe0d8e000 	C:\Users\seoko\.p2\pool\plugins\org.eclipse.justj.openjdk.hotspot.jre.full.win32.x86_64_23.0.1.v20241024-1700\jre\bin\java.dll
0x00007ffbec0b0000 - 0x00007ffbec1db000 	C:\WINDOWS\System32\ole32.dll
0x00007ffbecdd0000 - 0x00007ffbed123000 	C:\WINDOWS\System32\combase.dll
0x00007ffbec210000 - 0x00007ffbec97e000 	C:\WINDOWS\System32\SHELL32.dll
0x00007ffbe8f60000 - 0x00007ffbe9704000 	C:\WINDOWS\SYSTEM32\windows.storage.dll
0x00007ffbea8f0000 - 0x00007ffbea91b000 	C:\WINDOWS\SYSTEM32\Wldp.dll
0x00007ffbed2a0000 - 0x00007ffbed36d000 	C:\WINDOWS\System32\OLEAUT32.dll
0x00007ffbebda0000 - 0x00007ffbebe4d000 	C:\WINDOWS\System32\SHCORE.dll
0x00007ffbeb860000 - 0x00007ffbeb8bb000 	C:\WINDOWS\System32\shlwapi.dll
0x00007ffbeadf0000 - 0x00007ffbeae14000 	C:\WINDOWS\SYSTEM32\profapi.dll
0x00007ffbe0c90000 - 0x00007ffbe0ca7000 	C:\Users\seoko\.p2\pool\plugins\org.eclipse.justj.openjdk.hotspot.jre.full.win32.x86_64_23.0.1.v20241024-1700\jre\bin\zip.dll
0x00007ffbd51f0000 - 0x00007ffbd51fc000 	C:\Users\seoko\.p2\pool\plugins\org.eclipse.justj.openjdk.hotspot.jre.full.win32.x86_64_23.0.1.v20241024-1700\jre\bin\dt_socket.dll
0x00007ffbea2e0000 - 0x00007ffbea31b000 	C:\WINDOWS\SYSTEM32\IPHLPAPI.DLL
0x00007ffbea650000 - 0x00007ffbea6ba000 	C:\WINDOWS\system32\mswsock.dll
0x00007ffbea320000 - 0x00007ffbea3ea000 	C:\WINDOWS\SYSTEM32\DNSAPI.dll
0x00007ffbeb8c0000 - 0x00007ffbeb8c8000 	C:\WINDOWS\System32\NSI.dll
0x00007ffbe42f0000 - 0x00007ffbe42fa000 	C:\Windows\System32\rasadhlp.dll
0x00007ffbe3650000 - 0x00007ffbe36d0000 	C:\WINDOWS\System32\fwpuclnt.dll
0x00007ffbe0d60000 - 0x00007ffbe0d70000 	C:\Users\seoko\.p2\pool\plugins\org.eclipse.justj.openjdk.hotspot.jre.full.win32.x86_64_23.0.1.v20241024-1700\jre\bin\net.dll
0x00007ffbdfcb0000 - 0x00007ffbdfcc6000 	C:\Users\seoko\.p2\pool\plugins\org.eclipse.justj.openjdk.hotspot.jre.full.win32.x86_64_23.0.1.v20241024-1700\jre\bin\nio.dll
0x00007ffbd7430000 - 0x00007ffbd743a000 	C:\Users\seoko\.p2\pool\plugins\org.eclipse.justj.openjdk.hotspot.jre.full.win32.x86_64_23.0.1.v20241024-1700\jre\bin\management.dll
0x00007ffbd5ff0000 - 0x00007ffbd5ffb000 	C:\Users\seoko\.p2\pool\plugins\org.eclipse.justj.openjdk.hotspot.jre.full.win32.x86_64_23.0.1.v20241024-1700\jre\bin\management_ext.dll
0x00007ffbed7e0000 - 0x00007ffbed7e8000 	C:\WINDOWS\System32\PSAPI.DLL
0x00007ffbdf180000 - 0x00007ffbdf197000 	C:\WINDOWS\system32\napinsp.dll
0x00007ffbdf160000 - 0x00007ffbdf17b000 	C:\WINDOWS\system32\pnrpnsp.dll
0x00007ffbd4810000 - 0x00007ffbd482d000 	C:\WINDOWS\system32\wshbth.dll
0x00007ffbe80a0000 - 0x00007ffbe80bd000 	C:\WINDOWS\system32\NLAapi.dll
0x00007ffbdf140000 - 0x00007ffbdf152000 	C:\WINDOWS\System32\winrnr.dll
0x00007ffbea850000 - 0x00007ffbea868000 	C:\WINDOWS\SYSTEM32\CRYPTSP.dll
0x00007ffbe9f00000 - 0x00007ffbe9f38000 	C:\WINDOWS\system32\rsaenh.dll
0x00007ffbead70000 - 0x00007ffbead9e000 	C:\WINDOWS\SYSTEM32\USERENV.dll
0x00007ffbea840000 - 0x00007ffbea84c000 	C:\WINDOWS\SYSTEM32\CRYPTBASE.dll
0x00007ffbdef80000 - 0x00007ffbdef89000 	C:\Users\seoko\.p2\pool\plugins\org.eclipse.justj.openjdk.hotspot.jre.full.win32.x86_64_23.0.1.v20241024-1700\jre\bin\extnet.dll
0x00007ffbe0c80000 - 0x00007ffbe0c90000 	C:\Users\seoko\.p2\pool\plugins\org.eclipse.justj.openjdk.hotspot.jre.full.win32.x86_64_23.0.1.v20241024-1700\jre\bin\verify.dll
0x00007ffbe0eb0000 - 0x00007ffbe0ebe000 	C:\Users\seoko\.p2\pool\plugins\org.eclipse.justj.openjdk.hotspot.jre.full.win32.x86_64_23.0.1.v20241024-1700\jre\bin\sunmscapi.dll
0x00007ffbeb490000 - 0x00007ffbeb5ed000 	C:\WINDOWS\System32\CRYPT32.dll
0x00007ffbea960000 - 0x00007ffbea987000 	C:\WINDOWS\SYSTEM32\ncrypt.dll
0x00007ffbea920000 - 0x00007ffbea95b000 	C:\WINDOWS\SYSTEM32\NTASN1.dll
0x00007ffbd5f80000 - 0x00007ffbd5f87000 	C:\WINDOWS\system32\wshunix.dll

dbghelp: loaded successfully - version: 4.0.5 - missing functions: none
symbol engine: initialized successfully - sym options: 0x614 - pdb path: .;C:\Users\seoko\.p2\pool\plugins\org.eclipse.justj.openjdk.hotspot.jre.full.win32.x86_64_23.0.1.v20241024-1700\jre\bin;C:\WINDOWS\SYSTEM32;C:\WINDOWS\WinSxS\amd64_microsoft.windows.common-controls_6595b64144ccf1df_6.0.19041.5915_none_60b4b9d171f9c7c7;C:\Users\seoko\.p2\pool\plugins\org.eclipse.justj.openjdk.hotspot.jre.full.win32.x86_64_23.0.1.v20241024-1700\jre\bin\server

VM Arguments:
jvm_args: -XX:+ShowCodeDetailsInExceptionMessages -agentlib:jdwp=transport=dt_socket,suspend=y,address=localhost:64669 -Dcom.sun.management.jmxremote -Dcom.sun.management.jmxremote.port=64666 -Dcom.sun.management.jmxremote.authenticate=false -Dcom.sun.management.jmxremote.ssl=false -Djava.rmi.server.hostname=localhost -Dspring.jmx.enabled=true -Dmanagement.endpoints.jmx.exposure.include=* -Dspring.application.admin.enabled=true -XX:TieredStopAtLevel=1 -Dspring.boot.project.name=toy -javaagent:C:\dev\demo\eclipse\configuration\org.eclipse.osgi\444\0\.cp\lib\javaagent-shaded.jar -Dfile.encoding=UTF-8 -Dstdout.encoding=UTF-8 -Dstderr.encoding=UTF-8 
java_command: com.demo.toy.ToyApplication --spring.output.ansi.enabled=always
java_class_path (initial): C:\dev\demo\toy\bin\main;C:\Users\seoko\.gradle\caches\modules-2\files-2.1\org.springframework.boot\spring-boot-starter-web\3.3.7\75a362710036e1e597fb92df9f793561517cc821\spring-boot-starter-web-3.3.7.jar;C:\Users\seoko\.gradle\caches\modules-2\files-2.1\org.springframework.boot\spring-boot-starter-thymeleaf\3.3.7\dfde6fa7e47a4a5dd2256fcd7244d26aa4ceff8b\spring-boot-starter-thymeleaf-3.3.7.jar;C:\Users\seoko\.gradle\caches\modules-2\files-2.1\org.springframework.boot\spring-boot-devtools\3.3.7\d9b55ae1055ad53e262cf30f1355fded17c997c2\spring-boot-devtools-3.3.7.jar;C:\Users\seoko\.gradle\caches\modules-2\files-2.1\org.springframework.boot\spring-boot-starter-data-jpa\3.3.7\ebb2f9a58580b86e310ca9a5a28becf895970b7c\spring-boot-starter-data-jpa-3.3.7.jar;C:\Users\seoko\.gradle\caches\modules-2\files-2.1\org.springframework.boot\spring-boot-starter-json\3.3.7\d3ced6ed8c17d8b8616ec45ac95c213c5a1ca7a2\spring-boot-starter-json-3.3.7.jar;C:\Users\seoko\.gradle\caches\modules-2\files-2.1\org.springframework.boot\spring-boot-starter-aop\3.3.7\7ca61c90cf88acaa672d1db7096b45124b0d1d07\spring-boot-starter-aop-3.3.7.jar;C:\Users\seoko\.gradle\caches\modules-2\files-2.1\org.springframework.boot\spring-boot-starter-jdbc\3.3.7\fa187caa903899f628a0bb6f336d4810ebcbf999\spring-boot-starter-jdbc-3.3.7.jar;C:\Users\seoko\.gradle\caches\modules-2\files-2.1\org.springframework.boot\spring-boot-starter\3.3.7\42daee99de66e03b54966d36ce9be01f99b4e7b7\spring-boot-starter-3.3.7.jar;C:\Users\seoko\.gradle\caches\modules-2\files-2.1\org.springframework.boot\spring-boot-starter-tomcat\3.3.7\be9823245c71c798a5e10ccf0292ccc078b71e4f\spring-boot-starter-tomcat-3.3.7.jar;C:\Users\seoko\.gradle\caches\modules-2\files-2.1\org.springframework\spring-webmvc\6.1.16\a90b539656b99590ce19c327e317ad89967d1784\spring-webmvc-6.1.16.jar;C:\Users\seoko\.gradle\caches\modules-2\files-2.1\org.springframework\spring-web\6.1.16\e3a9185be7af644cde2e446787747a4f93ec8ad9\spring-web-6.1.16.jar;C:\Users\seoko\.gradle\caches\modules-2\files-2.1\org.thymeleaf\thymeleaf-spring6\3.1.3.RELEASE\4b276ea2bd536a18e44b40ff1d9f4848965ff59c\thymeleaf-spring6-3.1.3.RELEASE.jar;C:\Users\seoko\.gradle\caches\modules-2\files-2.1\org.springframework.boot\spring-boot-autoconfigure\3.3.7\2c0bf81965c43562b51d52511dc4eb58b1d437c8\spring-boot-autoconfigure-3.3.7.jar;C:\Users\seoko\.gradle\caches\modules-2\files-2.1\org.springframework.boot\spring-boot\3.3.7\a97a34c98b9814d20883b862d4aa5066d5218477\spring-boot-3.3.7.jar;C:\Users\seoko\.gradle\caches\modules-2\files-2.1\org.hibernate.orm\hibernate-core\6.5.3.Final\1e23c320a5d10f5eaecbd23095fca5c5c83c1fb5\hibernate-core-6.5.3.Final.jar;C:\Users\seoko\.gradle\caches\modules-2\files-2.1\org.springframework.data\spring-data-jpa\3.3.7\d855814505338e7881edc54c26dbaf2715c8ee7c\spring-data-jpa-3.3.7.jar;C:\Users\seoko\.gradle\caches\modules-2\files-2.1\org.springframework\spring-aspects\6.1.16\2cc7de9e84d469df36fcb019cddad425357655c2\spring-aspects-6.1.16.jar;C:\Users\seoko\.gradle\caches\modules-2\files-2.1\org.springframework.boot\spring-boot-starter-logging\3.3.7\9081faa5b4a318a9366960e982845189f2b86f08\spring-boot-starter-logging-3.3.7.jar;C:\Users\seoko\.gradle\caches\modules-2\files-2.1\jakarta.annotation\jakarta.annotation-api\2.1.1\48b9bda22b091b1f48b13af03fe36db3be6e1ae3\jakarta.annotation-api-2.1.1.jar;C:\Users\seoko\.gradle\caches\modules-2\files-2.1\org.springframework\spring-context\6.1.16\2cf6295ab7d9713902bfd8c123060f3632c19bbe\spring-context-6.1.16.jar;C:\Users\seoko\.gradle\caches\modules-2\files-2.1\org.springframework\spring-aop\6.1.16\c2203c1b61446c3f2a24bcfee596bdb57e0bcf8a\spring-aop-6.1.16.jar;C:\Users\seoko\.gradle\caches\modules-2\files-2.1\org.springframework\spring-orm\6.1.16\bf93caa9dbc2247c0cbd3c13e2b7f3a0dfe15229\spring-orm-6.1.16.jar;C:\Users\seoko\.gradle\caches\modules-2\files-2.1\org.springframework\spring-jdbc\6.1.16\558dd018e6a489cd85909e7f42136afe38eb4939\spring-jdbc-6.1.16.jar;C:\Users\seoko\.gradle\caches\modules-2\files-2.1\org.springframework.data\spring-data-commons\3.3.7\6c380b648c302d67b5eb5a79de867909f7bbd7eb\spring-data-commons-3.3.7.jar;C:\Users\seoko\.gradle\caches\modules-2\files-2.1\org.springframework\spring-tx\6.1.16\b74ae426fc0a36a41dfec593a54ce516705359a0\spring-tx-6.1.16.jar;C:\Users\seoko\.gradle\caches\modules-2\files-2.1\org.springframework\spring-beans\6.1.16\531d54d94b66362600ab3ecc081e716249b82c32\spring-beans-6.1.16.jar;C:\Users\seoko\.gradle\caches\modules-2\files-2.1\org.springframework\spring-expression\6.1.16\153594fd2dbfcd5e23913a7397736567e319794c\spring-expression-6.1.16.jar;C:\Users\seoko\.gradle\caches\modules-2\files-2.1\org.springframework\spring-core\6.1.16\a4d36937b844a1f4bb493f8f18f4313d53bc85b1\spring-core-6.1.16.jar;C:\Users\seoko\.gradle\caches\modules-2\files-2.1\org.yaml\snakeyaml\2.2\3af797a25458550a16bf89acc8e4ab2b7f2bfce0\snakeyaml-2.2.jar;C:\Users\seoko\.gradle\caches\modules-2\files-2.1\com.fasterxml.jackson.datatype\jackson-datatype-jsr310\2.17.3\a25fe2f5607fea9e00ed00cf81b7aa2eaacbbd6e\jackson-datatype-jsr310-2.17.3.jar;C:\Users\seoko\.gradle\caches\modules-2\files-2.1\com.fasterxml.jackson.module\jackson-module-parameter-names\2.17.3\41feb893351163ee5b395358e5fe1404cd1c432d\jackson-module-parameter-names-2.17.3.jar;C:\Users\seoko\.gradle\caches\modules-2\files-2.1\com.fasterxml.jackson.core\jackson-annotations\2.17.3\4f30a05d2eee0ab700cdc27aa5967e934d3042b2\jackson-annotations-2.17.3.jar;C:\Users\seoko\.gradle\caches\modules-2\files-2.1\com.fasterxml.jackson.core\jackson-core\2.17.3\1d6eb3e959c737692b720d3492b2f1f34c4c8579\jackson-core-2.17.3.jar;C:\Users\seoko\.gradle\caches\modules-2\files-2.1\com.fasterxml.jackson.datatype\jackson-datatype-jdk8\2.17.3\2b8b1894dc9798e761bd565df51ef1fc44c75a2a\jackson-datatype-jdk8-2.17.3.jar;C:\Users\seoko\.gradle\caches\modules-2\files-2.1\com.fasterxml.jackson.core\jackson-databind\2.17.3\42c617beb411ee813bdc39a287424bfb19d99185\jackson-databind-2.17.3.jar;C:\Users\seoko\.gradle\caches\modules-2\files-2.1\org.apache.tomcat.embed\tomcat-embed-websocket\10.1.34\eef6d430f34b6e393b8d9e40f10db9043732b4e5\tomcat-embed-websocket-10.1.34.jar;C:\Users\seoko\.gradle\caches\modules-2\files-2.1\org.apache.tomcat.embed\tomcat-embed-core\10.1.34\f610f84be607fbc82e393cc220f0ad45f92afc91\tomcat-embed-core-10.1.34.jar;C:\Users\seoko\.gradle\caches\modules-2\files-2.1\org.apache.tomcat.embed\tomcat-embed-el\10.1.34\d2b2daca3bc999c62e58ae36b45ba0582530fb25\tomcat-embed-el-10.1.34.jar;C:\Users\seoko\.gradle\caches\modules-2\files-2.1\io.micrometer\micrometer-observation\1.13.9\c52e215e206d6a72fa481809a894efd20cb793fb\micrometer-observation-1.13.9.jar;C:\Users\seoko\.gradle\caches\modules-2\files-2.1\org.thymeleaf\thymeleaf\3.1.3.RELEASE\51474f2a90b282ee97dabcd159c7faf24790f373\thymeleaf-3.1.3.RELEASE.jar;C:\Users\seoko\.gradle\caches\modules-2\files-2.1\com.zaxxer\HikariCP\5.1.0\8c96e36c14461fc436bb02b264b96ef3ca5dca8c\HikariCP-5.1.0.jar;C:\Users\seoko\.gradle\caches\modules-2\files-2.1\ch.qos.logback\logback-classic\1.5.12\3790d1a62e868f7915776dfb392bd9a29ce8d954\logback-classic-1.5.12.jar;C:\Users\seoko\.gradle\caches\modules-2\files-2.1\org.apache.logging.log4j\log4j-to-slf4j\2.23.1\425ad1eb8a39904d2830e907a324e956fb456520\log4j-to-slf4j-2.23.1.jar;C:\Users\seoko\.gradle\caches\modules-2\files-2.1\org.slf4j\jul-to-slf4j\2.0.16\6d57da3e961daac65bcca0dd3def6cd11e48a24a\jul-to-slf4j-2.0.16.jar;C:\Users\seoko\.gradle\caches\modules-2\files-2.1\org.slf4j\slf4j-api\2.0.16\172931663a09a1fa515567af5fbef00897d3c04\slf4j-api-2.0.16.jar;C:\Users\seoko\.gradle\caches\modules-2\files-2.1\org.aspectj\aspectjweaver\1.9.22.1\bca243d0af0db4758fbae45c5f4995cb5dabb612\aspectjweaver-1.9.22.1.jar;C:\Users\seoko\.gradle\caches\modules-2\files-2.1\jakarta.persistence\jakarta.persistence-api\3.1.0\66901fa1c373c6aff65c13791cc11da72060a8d6\jakarta.persistence-api-3.1.0.jar;C:\Users\seoko\.gradle\caches\modules-2\files-2.1\jakarta.transaction\jakarta.transaction-api\2.0.1\51a520e3fae406abb84e2e1148e6746ce3f80a1a\jakarta.transaction-api-2.0.1.jar;C:\Users\seoko\.gradle\caches\modules-2\files-2.1\org.antlr\antlr4-runtime\4.13.0\5a02e48521624faaf5ff4d99afc88b01686af655\antlr4-runtime-4.13.0.jar;C:\Users\seoko\.gradle\caches\modules-2\files-2.1\org.springframework\spring-jcl\6.1.16\b5f2a825b4cab4868fd34bcf30b5cd566954e744\spring-jcl-6.1.16.jar;C:\Users\seoko\.gradle\caches\modules-2\files-2.1\io.micrometer\micrometer-commons\1.13.9\e13aab8d19d87c6b1ec7e983fc70c1579f5e7ba\micrometer-commons-1.13.9.jar;C:\Users\seoko\.gradle\caches\modules-2\files-2.1\org.attoparser\attoparser\2.0.7.RELEASE\e5d0e988d9124139d645bb5872b24dfa23e283cc\attoparser-2.0.7.RELEASE.jar;C:\Users\seoko\.gradle\caches\modules-2\files-2.1\org.unbescape\unbescape\1.1.6.RELEASE\7b90360afb2b860e09e8347112800d12c12b2a13\unbescape-1.1.6.RELEASE.jar;C:\Users\seoko\.gradle\caches\modules-2\files-2.1\ch.qos.logback\logback-core\1.5.12\65b1fa25fe8d8e4bdc140e79eb67ac6741f775e2\logback-core-1.5.12.jar;C:\Users\seoko\.gradle\caches\modules-2\files-2.1\org.apache.logging.log4j\log4j-api\2.23.1\9c15c29c526d9c6783049c0a77722693c66706e1\log4j-api-2.23.1.jar;C:\Users\seoko\.gradle\caches\modules-2\files-2.1\org.mariadb.jdbc\mariadb-java-client\3.3.3\149f773186f5b7d2e840cfaecf4e3bcdddf7b065\mariadb-java-client-3.3.3.jar;C:\Users\seoko\.gradle\caches\modules-2\files-2.1\com.github.waffle\waffle-jna\3.3.0\6c1a06b345702bb1dfd77006af926b091bded851\waffle-jna-3.3.0.jar;C:\Users\seoko\.gradle\caches\modules-2\files-2.1\org.slf4j\jcl-over-slf4j\2.0.16\9d08badad22f1ac07deac9188ade596472a2bfd9\jcl-over-slf4j-2.0.16.jar;C:\Users\seoko\.gradle\caches\modules-2\files-2.1\org.jboss.logging\jboss-logging\3.5.3.Final\c88fc1d8a96d4c3491f55d4317458ccad53ca663\jboss-logging-3.5.3.Final.jar;C:\Users\seoko\.gradle\caches\modules-2\files-2.1\org.hibernate.common\hibernate-commons-annotations\6.0.6.Final\77a5f94b56d49508e0ee334751db5b78e5ccd50c\hibernate-commons-annotations-6.0.6.Final.jar;C:\Users\seoko\.gradle\caches\modules-2\files-2.1\io.smallrye\jandex\3.1.2\a6c1c89925c7df06242b03dddb353116ceb9584c\jandex-3.1.2.jar;C:\Users\seoko\.gradle\caches\modules-2\files-2.1\com.fasterxml\classmate\1.7.0\e98374da1f2143ac8e6e0a95036994bb19137a3\classmate-1.7.0.jar;C:\Users\seoko\.gradle\caches\modules-2\files-2.1\net.bytebuddy\byte-buddy\1.14.19\4c0c637b8f47dc08f89240e6f59900011752c97b\byte-buddy-1.14.19.jar;C:\Users\seoko\.gradle\caches\modules-2\files-2.1\org.glassfish.jaxb\jaxb-runtime\4.0.5\ca84c2a7169b5293e232b9d00d1e4e36d4c3914a\jaxb-runtime-4.0.5.jar;C:\Users\seoko\.gradle\caches\modules-2\files-2.1\org.glassfish.jaxb\jaxb-core\4.0.5\7b4b11ea5542eea4ad55e1080b23be436795b3\jaxb-core-4.0.5.jar;C:\Users\seoko\.gradle\caches\modules-2\files-2.1\jakarta.xml.bind\jakarta.xml.bind-api\4.0.2\6cd5a999b834b63238005b7144136379dc36cad2\jakarta.xml.bind-api-4.0.2.jar;C:\Users\seoko\.gradle\caches\modules-2\files-2.1\jakarta.inject\jakarta.inject-api\2.0.1\4c28afe1991a941d7702fe1362c365f0a8641d1e\jakarta.inject-api-2.0.1.jar;C:\Users\seoko\.gradle\caches\modules-2\files-2.1\net.java.dev.jna\jna-platform\5.13.0\88e9a306715e9379f3122415ef4ae759a352640d\jna-platform-5.13.0.jar;C:\Users\seoko\.gradle\caches\modules-2\files-2.1\net.java.dev.jna\jna\5.13.0\1200e7ebeedbe0d10062093f32925a912020e747\jna-5.13.0.jar;C:\Users\seoko\.gradle\caches\modules-2\files-2.1\com.github.ben-manes.caffeine\caffeine\3.1.8\24795585df8afaf70a2cd534786904ea5889c047\caffeine-3.1.8.jar;C:\Users\seoko\.gradle\caches\modules-2\files-2.1\org.checkerframework\checker-qual\3.37.0\ba74746d38026581c12166e164bb3c15e90cc4ea\checker-qual-3.37.0.jar;C:\Users\seoko\.gradle\caches\modules-2\files-2.1\org.eclipse.angus\angus-activation\2.0.2\41f1e0ddd157c856926ed149ab837d110955a9fc\angus-activation-2.0.2.jar;C:\Users\seoko\.gradle\caches\modules-2\files-2.1\jakarta.activation\jakarta.activation-api\2.1.3\fa165bd70cda600368eee31555222776a46b881f\jakarta.activation-api-2.1.3.jar;C:\Users\seoko\.gradle\caches\modules-2\files-2.1\com.google.errorprone\error_prone_annotations\2.21.1\6d9b10773b5237df178a7b3c1b4208df7d0e7f94\error_prone_annotations-2.21.1.jar;C:\Users\seoko\.gradle\caches\modules-2\files-2.1\org.glassfish.jaxb\txw2\4.0.5\f36a4ef12120a9bb06d766d6a0e54b144fd7ed98\txw2-4.0.5.jar;C:\Users\seoko\.gradle\caches\modules-2\files-2.1\com.sun.istack\istack-commons-runtime\4.1.2\18ec117c85f3ba0ac65409136afa8e42bc74e739\istack-commons-runtime-4.1.2.jar
Launcher Type: SUN_STANDARD

[Global flags]
     intx CICompilerCount                          = 3                                         {product} {ergonomic}
     uint ConcGCThreads                            = 2                                         {product} {ergonomic}
     uint G1ConcRefinementThreads                  = 6                                         {product} {ergonomic}
   size_t G1HeapRegionSize                         = 2097152                                   {product} {ergonomic}
   size_t InitialHeapSize                          = 268435456                                 {product} {ergonomic}
     bool ManagementServer                         = true                                      {product} {command line}
   size_t MarkStackSize                            = 4194304                                   {product} {ergonomic}
   size_t MarkStackSizeMax                         = 536870912                                 {product} {ergonomic}
   size_t MaxHeapSize                              = 4282384384                                {product} {ergonomic}
   size_t MaxNewSize                               = 2569011200                                {product} {ergonomic}
   size_t MinHeapDeltaBytes                        = 2097152                                   {product} {ergonomic}
   size_t MinHeapSize                              = 8388608                                   {product} {ergonomic}
    uintx NonNMethodCodeHeapSize                   = 4096                                   {pd product} {ergonomic}
    uintx NonProfiledCodeHeapSize                  = 0                                      {pd product} {ergonomic}
     bool ProfileInterpreter                       = false                                  {pd product} {command line}
    uintx ProfiledCodeHeapSize                     = 0                                      {pd product} {ergonomic}
     bool ShowCodeDetailsInExceptionMessages       = true                                   {manageable} {command line}
   size_t SoftMaxHeapSize                          = 4282384384                             {manageable} {ergonomic}
     intx TieredStopAtLevel                        = 1                                         {product} {command line}
     bool UseCompressedOops                        = true                           {product lp64_product} {ergonomic}
     bool UseG1GC                                  = true                                      {product} {ergonomic}
     bool UseLargePagesIndividualAllocation        = false                                  {pd product} {ergonomic}

Logging:
Log output configuration:
 #0: stdout all=warning uptime,level,tags foldmultilines=false
 #1: stderr all=off uptime,level,tags foldmultilines=false

Environment Variables:
PATH=C:\Users\seoko\.p2\pool\plugins\org.eclipse.justj.openjdk.hotspot.jre.full.win32.x86_64_23.0.1.v20241024-1700\jre\bin;C:/Users/seoko/.p2/pool/plugins/org.eclipse.justj.openjdk.hotspot.jre.full.win32.x86_64_23.0.1.v20241024-1700/jre/bin/server;C:/Users/seoko/.p2/pool/plugins/org.eclipse.justj.openjdk.hotspot.jre.full.win32.x86_64_23.0.1.v20241024-1700/jre/bin;C:\Program Files\Common Files\Oracle\Java\javapath;C:\WINDOWS\system32;C:\WINDOWS;C:\WINDOWS\System32\Wbem;C:\WINDOWS\System32\WindowsPowerShell\v1.0\;C:\WINDOWS\System32\OpenSSH\;C:\Program Files\Bandizip\;C:\Program Files\nodejs\;C:\Program Files\Git\cmd;C:\Users\seoko\AppData\Local\Microsoft\WindowsApps;C:\dev\java-11-openjdk-11.0.13.8-1.windows.ojdkbuild.x86_64\bin;;C:\Users\seoko\AppData\Local\Programs\Microsoft VS Code\bin;C:\Program Files\JetBrains\PyCharm Community Edition 2022.2.3\bin;;C:\Users\seoko\AppData\Roaming\npm;C:\dev\demo\eclipse;
USERNAME=seoko
OS=Windows_NT
PROCESSOR_IDENTIFIER=Intel64 Family 6 Model 158 Stepping 10, GenuineIntel
TMP=C:\Users\seoko\AppData\Local\Temp
TEMP=C:\Users\seoko\AppData\Local\Temp




Periodic native trim disabled

---------------  S Y S T E M  ---------------

OS:
 Windows 10 , 64 bit Build 19041 (10.0.19041.5915)
OS uptime: 7 days 5:11 hours

CPU: total 6 (initial active 6) (6 cores per cpu, 1 threads per core) family 6 model 158 stepping 10 microcode 0xb4, cx8, cmov, fxsr, mmx, 3dnowpref, sse, sse2, sse3, ssse3, sse4.1, sse4.2, popcnt, lzcnt, tsc, tscinvbit, avx, avx2, aes, erms, clmul, bmi1, bmi2, adx, fma, vzeroupper, clflush, clflushopt, rdtscp, f16c
Processor Information for the first 6 processors :
  Max Mhz: 2808, Current Mhz: 2808, Mhz Limit: 2808

Memory: 4k page, system-wide physical 16330M (6399M free)
TotalPageFile size 17585M (AvailPageFile size 3563M)
current process WorkingSet (physical memory assigned to process): 265M, peak: 265M
current process commit charge ("private bytes"): 292M, peak: 380M

vm_info: OpenJDK 64-Bit Server VM (23.0.1+11) for windows-amd64 JRE (23.0.1+11), built on 2024-10-15T00:00:00Z with MS VC++ 17.7 (VS2022)

END.
